{"C:\\Users\\Ramzan Lafir\\REACT_NATIVE\\MyMobileApp\\app\\_layout.jsx": {"path":"C:\\Users\\Ramzan Lafir\\REACT_NATIVE\\MyMobileApp\\app\\_layout.jsx","statementMap":{"0":{"start":{"line":8,"column":0},"end":{"line":8,"column":118}},"1":{"start":{"line":9,"column":16},"end":{"line":15,"column":1}},"2":{"start":{"line":10,"column":2},"end":{"line":14,"column":3}},"3":{"start":{"line":17,"column":19},"end":{"line":59,"column":1}},"4":{"start":{"line":19,"column":33},"end":{"line":19,"column":42}},"5":{"start":{"line":20,"column":17},"end":{"line":20,"column":28}},"6":{"start":{"line":22,"column":2},"end":{"line":36,"column":8}},"7":{"start":{"line":23,"column":4},"end":{"line":35,"column":6}},"8":{"start":{"line":24,"column":6},"end":{"line":24,"column":54}},"9":{"start":{"line":26,"column":6},"end":{"line":33,"column":7}},"10":{"start":{"line":27,"column":8},"end":{"line":27,"column":31}},"11":{"start":{"line":28,"column":8},"end":{"line":28,"column":60}},"12":{"start":{"line":29,"column":8},"end":{"line":29,"column":32}},"13":{"start":{"line":31,"column":8},"end":{"line":31,"column":22}},"14":{"start":{"line":32,"column":8},"end":{"line":32,"column":35}},"15":{"start":{"line":38,"column":25},"end":{"line":43,"column":3}},"16":{"start":{"line":39,"column":14},"end":{"line":39,"column":41}},"17":{"start":{"line":41,"column":4},"end":{"line":41,"column":54}},"18":{"start":{"line":41,"column":20},"end":{"line":41,"column":54}},"19":{"start":{"line":45,"column":2},"end":{"line":58,"column":3}}},"fnMap":{"0":{"name":"(anonymous_0)","decl":{"start":{"line":9,"column":16},"end":{"line":9,"column":17}},"loc":{"start":{"line":9,"column":22},"end":{"line":15,"column":1}},"line":9},"1":{"name":"(anonymous_1)","decl":{"start":{"line":17,"column":19},"end":{"line":17,"column":20}},"loc":{"start":{"line":17,"column":25},"end":{"line":59,"column":1}},"line":17},"2":{"name":"(anonymous_2)","decl":{"start":{"line":22,"column":12},"end":{"line":22,"column":13}},"loc":{"start":{"line":22,"column":16},"end":{"line":36,"column":3}},"line":22},"3":{"name":"(anonymous_3)","decl":{"start":{"line":23,"column":36},"end":{"line":23,"column":37}},"loc":{"start":{"line":23,"column":56},"end":{"line":35,"column":5}},"line":23},"4":{"name":"(anonymous_4)","decl":{"start":{"line":38,"column":25},"end":{"line":38,"column":26}},"loc":{"start":{"line":38,"column":46},"end":{"line":43,"column":3}},"line":38}},"branchMap":{"0":{"loc":{"start":{"line":26,"column":6},"end":{"line":33,"column":7}},"type":"if","locations":[{"start":{"line":26,"column":6},"end":{"line":33,"column":7}},{"start":{"line":30,"column":11},"end":{"line":33,"column":7}}],"line":26},"1":{"loc":{"start":{"line":41,"column":4},"end":{"line":41,"column":54}},"type":"if","locations":[{"start":{"line":41,"column":4},"end":{"line":41,"column":54}},{"start":{},"end":{}}],"line":41}},"s":{"0":0,"1":0,"2":0,"3":0,"4":0,"5":0,"6":0,"7":0,"8":0,"9":0,"10":0,"11":0,"12":0,"13":0,"14":0,"15":0,"16":0,"17":0,"18":0,"19":0},"f":{"0":0,"1":0,"2":0,"3":0,"4":0},"b":{"0":[0,0],"1":[0,0]}}
,"C:\\Users\\Ramzan Lafir\\REACT_NATIVE\\MyMobileApp\\app\\index.jsx": {"path":"C:\\Users\\Ramzan Lafir\\REACT_NATIVE\\MyMobileApp\\app\\index.jsx","statementMap":{"0":{"start":{"line":7,"column":14},"end":{"line":13,"column":1}},"1":{"start":{"line":8,"column":2},"end":{"line":12,"column":3}}},"fnMap":{"0":{"name":"(anonymous_0)","decl":{"start":{"line":7,"column":14},"end":{"line":7,"column":15}},"loc":{"start":{"line":7,"column":20},"end":{"line":13,"column":1}},"line":7}},"branchMap":{},"s":{"0":0,"1":0},"f":{"0":0},"b":{}}
,"C:\\Users\\Ramzan Lafir\\REACT_NATIVE\\MyMobileApp\\app\\login.jsx": {"path":"C:\\Users\\Ramzan Lafir\\REACT_NATIVE\\MyMobileApp\\app\\login.jsx","statementMap":{"0":{"start":{"line":14,"column":14},"end":{"line":93,"column":1}},"1":{"start":{"line":16,"column":19},"end":{"line":16,"column":30}},"2":{"start":{"line":17,"column":21},"end":{"line":17,"column":31}},"3":{"start":{"line":18,"column":24},"end":{"line":18,"column":34}},"4":{"start":{"line":19,"column":34},"end":{"line":19,"column":49}},"5":{"start":{"line":21,"column":21},"end":{"line":45,"column":5}},"6":{"start":{"line":22,"column":8},"end":{"line":26,"column":9}},"7":{"start":{"line":24,"column":12},"end":{"line":24,"column":63}},"8":{"start":{"line":25,"column":12},"end":{"line":25,"column":19}},"9":{"start":{"line":28,"column":20},"end":{"line":28,"column":43}},"10":{"start":{"line":29,"column":23},"end":{"line":29,"column":49}},"11":{"start":{"line":31,"column":8},"end":{"line":31,"column":25}},"12":{"start":{"line":33,"column":24},"end":{"line":36,"column":10}},"13":{"start":{"line":38,"column":8},"end":{"line":38,"column":26}},"14":{"start":{"line":40,"column":8},"end":{"line":40,"column":37}},"15":{"start":{"line":41,"column":8},"end":{"line":43,"column":9}},"16":{"start":{"line":42,"column":12},"end":{"line":42,"column":48}},"17":{"start":{"line":47,"column":2},"end":{"line":92,"column":3}},"18":{"start":{"line":65,"column":38},"end":{"line":65,"column":62}},"19":{"start":{"line":71,"column":38},"end":{"line":71,"column":65}},"20":{"start":{"line":84,"column":62},"end":{"line":84,"column":83}},"21":{"start":{"line":97,"column":15},"end":{"line":127,"column":2}}},"fnMap":{"0":{"name":"(anonymous_0)","decl":{"start":{"line":14,"column":14},"end":{"line":14,"column":15}},"loc":{"start":{"line":14,"column":20},"end":{"line":93,"column":1}},"line":14},"1":{"name":"(anonymous_1)","decl":{"start":{"line":21,"column":21},"end":{"line":21,"column":22}},"loc":{"start":{"line":21,"column":31},"end":{"line":45,"column":5}},"line":21},"2":{"name":"(anonymous_2)","decl":{"start":{"line":65,"column":30},"end":{"line":65,"column":31}},"loc":{"start":{"line":65,"column":38},"end":{"line":65,"column":62}},"line":65},"3":{"name":"(anonymous_3)","decl":{"start":{"line":71,"column":30},"end":{"line":71,"column":31}},"loc":{"start":{"line":71,"column":38},"end":{"line":71,"column":65}},"line":71},"4":{"name":"(anonymous_4)","decl":{"start":{"line":84,"column":57},"end":{"line":84,"column":58}},"loc":{"start":{"line":84,"column":62},"end":{"line":84,"column":83}},"line":84}},"branchMap":{"0":{"loc":{"start":{"line":22,"column":8},"end":{"line":26,"column":9}},"type":"if","locations":[{"start":{"line":22,"column":8},"end":{"line":26,"column":9}},{"start":{},"end":{}}],"line":22},"1":{"loc":{"start":{"line":22,"column":11},"end":{"line":22,"column":52}},"type":"binary-expr","locations":[{"start":{"line":22,"column":11},"end":{"line":22,"column":28}},{"start":{"line":22,"column":32},"end":{"line":22,"column":52}}],"line":22},"2":{"loc":{"start":{"line":41,"column":8},"end":{"line":43,"column":9}},"type":"if","locations":[{"start":{"line":41,"column":8},"end":{"line":43,"column":9}},{"start":{},"end":{}}],"line":41}},"s":{"0":1,"1":7,"2":7,"3":7,"4":7,"5":7,"6":0,"7":0,"8":0,"9":0,"10":0,"11":0,"12":0,"13":0,"14":0,"15":0,"16":0,"17":7,"18":0,"19":0,"20":0,"21":1},"f":{"0":7,"1":0,"2":0,"3":0,"4":0},"b":{"0":[0,0],"1":[0,0],"2":[0,0]},"_coverageSchema":"1a1c01bbd47fc00a2c39e90264f33305004495a9","hash":"8dc9ffb156ffaf72420fe6054c43131e0870b31c"}
,"C:\\Users\\Ramzan Lafir\\REACT_NATIVE\\MyMobileApp\\app\\signUp.jsx": {"path":"C:\\Users\\Ramzan Lafir\\REACT_NATIVE\\MyMobileApp\\app\\signUp.jsx","statementMap":{"0":{"start":{"line":15,"column":15},"end":{"line":104,"column":1}},"1":{"start":{"line":17,"column":19},"end":{"line":17,"column":30}},"2":{"start":{"line":18,"column":21},"end":{"line":18,"column":31}},"3":{"start":{"line":19,"column":20},"end":{"line":19,"column":30}},"4":{"start":{"line":20,"column":24},"end":{"line":20,"column":34}},"5":{"start":{"line":21,"column":34},"end":{"line":21,"column":49}},"6":{"start":{"line":23,"column":21},"end":{"line":54,"column":5}},"7":{"start":{"line":24,"column":8},"end":{"line":28,"column":9}},"8":{"start":{"line":26,"column":12},"end":{"line":26,"column":65}},"9":{"start":{"line":27,"column":12},"end":{"line":27,"column":19}},"10":{"start":{"line":30,"column":19},"end":{"line":30,"column":41}},"11":{"start":{"line":31,"column":20},"end":{"line":31,"column":43}},"12":{"start":{"line":32,"column":23},"end":{"line":32,"column":49}},"13":{"start":{"line":34,"column":8},"end":{"line":34,"column":25}},"14":{"start":{"line":36,"column":40},"end":{"line":44,"column":10}},"15":{"start":{"line":46,"column":8},"end":{"line":46,"column":26}},"16":{"start":{"line":51,"column":8},"end":{"line":53,"column":9}},"17":{"start":{"line":52,"column":12},"end":{"line":52,"column":49}},"18":{"start":{"line":56,"column":2},"end":{"line":103,"column":3}},"19":{"start":{"line":74,"column":38},"end":{"line":74,"column":61}},"20":{"start":{"line":79,"column":38},"end":{"line":79,"column":62}},"21":{"start":{"line":85,"column":38},"end":{"line":85,"column":65}},"22":{"start":{"line":95,"column":41},"end":{"line":95,"column":61}},"23":{"start":{"line":108,"column":15},"end":{"line":138,"column":2}}},"fnMap":{"0":{"name":"(anonymous_0)","decl":{"start":{"line":15,"column":15},"end":{"line":15,"column":16}},"loc":{"start":{"line":15,"column":21},"end":{"line":104,"column":1}},"line":15},"1":{"name":"(anonymous_1)","decl":{"start":{"line":23,"column":21},"end":{"line":23,"column":22}},"loc":{"start":{"line":23,"column":31},"end":{"line":54,"column":5}},"line":23},"2":{"name":"(anonymous_2)","decl":{"start":{"line":74,"column":30},"end":{"line":74,"column":31}},"loc":{"start":{"line":74,"column":38},"end":{"line":74,"column":61}},"line":74},"3":{"name":"(anonymous_3)","decl":{"start":{"line":79,"column":30},"end":{"line":79,"column":31}},"loc":{"start":{"line":79,"column":38},"end":{"line":79,"column":62}},"line":79},"4":{"name":"(anonymous_4)","decl":{"start":{"line":85,"column":30},"end":{"line":85,"column":31}},"loc":{"start":{"line":85,"column":38},"end":{"line":85,"column":65}},"line":85},"5":{"name":"(anonymous_5)","decl":{"start":{"line":95,"column":36},"end":{"line":95,"column":37}},"loc":{"start":{"line":95,"column":41},"end":{"line":95,"column":61}},"line":95}},"branchMap":{"0":{"loc":{"start":{"line":24,"column":8},"end":{"line":28,"column":9}},"type":"if","locations":[{"start":{"line":24,"column":8},"end":{"line":28,"column":9}},{"start":{},"end":{}}],"line":24},"1":{"loc":{"start":{"line":24,"column":11},"end":{"line":24,"column":52}},"type":"binary-expr","locations":[{"start":{"line":24,"column":11},"end":{"line":24,"column":28}},{"start":{"line":24,"column":32},"end":{"line":24,"column":52}}],"line":24},"2":{"loc":{"start":{"line":51,"column":8},"end":{"line":53,"column":9}},"type":"if","locations":[{"start":{"line":51,"column":8},"end":{"line":53,"column":9}},{"start":{},"end":{}}],"line":51}},"s":{"0":1,"1":4,"2":4,"3":4,"4":4,"5":4,"6":4,"7":0,"8":0,"9":0,"10":0,"11":0,"12":0,"13":0,"14":0,"15":0,"16":0,"17":0,"18":4,"19":0,"20":0,"21":0,"22":0,"23":1},"f":{"0":4,"1":0,"2":0,"3":0,"4":0,"5":0},"b":{"0":[0,0],"1":[0,0],"2":[0,0]},"_coverageSchema":"1a1c01bbd47fc00a2c39e90264f33305004495a9","hash":"fa567477d2e79629a4eea387f1ce31e9cd0c9741"}
,"C:\\Users\\Ramzan Lafir\\REACT_NATIVE\\MyMobileApp\\app\\welcome.jsx": {"path":"C:\\Users\\Ramzan Lafir\\REACT_NATIVE\\MyMobileApp\\app\\welcome.jsx","statementMap":{"0":{"start":{"line":10,"column":16},"end":{"line":50,"column":1}},"1":{"start":{"line":12,"column":17},"end":{"line":12,"column":28}},"2":{"start":{"line":14,"column":2},"end":{"line":49,"column":3}},"3":{"start":{"line":32,"column":26},"end":{"line":32,"column":47}},"4":{"start":{"line":38,"column":37},"end":{"line":38,"column":57}},"5":{"start":{"line":54,"column":15},"end":{"line":94,"column":2}}},"fnMap":{"0":{"name":"(anonymous_0)","decl":{"start":{"line":10,"column":16},"end":{"line":10,"column":17}},"loc":{"start":{"line":10,"column":22},"end":{"line":50,"column":1}},"line":10},"1":{"name":"(anonymous_1)","decl":{"start":{"line":32,"column":21},"end":{"line":32,"column":22}},"loc":{"start":{"line":32,"column":26},"end":{"line":32,"column":47}},"line":32},"2":{"name":"(anonymous_2)","decl":{"start":{"line":38,"column":32},"end":{"line":38,"column":33}},"loc":{"start":{"line":38,"column":37},"end":{"line":38,"column":57}},"line":38}},"branchMap":{},"s":{"0":1,"1":1,"2":1,"3":0,"4":0,"5":1},"f":{"0":1,"1":0,"2":0},"b":{},"_coverageSchema":"1a1c01bbd47fc00a2c39e90264f33305004495a9","hash":"5f4c501552ad2e9f2ce2d4daff4930d7c05565df"}
,"C:\\Users\\Ramzan Lafir\\REACT_NATIVE\\MyMobileApp\\app\\(main)\\editProfile.jsx": {"path":"C:\\Users\\Ramzan Lafir\\REACT_NATIVE\\MyMobileApp\\app\\(main)\\editProfile.jsx","statementMap":{"0":{"start":{"line":17,"column":20},"end":{"line":131,"column":1}},"1":{"start":{"line":19,"column":45},"end":{"line":19,"column":54}},"2":{"start":{"line":20,"column":34},"end":{"line":20,"column":49}},"3":{"start":{"line":21,"column":19},"end":{"line":21,"column":30}},"4":{"start":{"line":23,"column":28},"end":{"line":29,"column":6}},"5":{"start":{"line":31,"column":4},"end":{"line":41,"column":20}},"6":{"start":{"line":32,"column":8},"end":{"line":40,"column":9}},"7":{"start":{"line":33,"column":12},"end":{"line":39,"column":15}},"8":{"start":{"line":43,"column":24},"end":{"line":56,"column":5}},"9":{"start":{"line":45,"column":21},"end":{"line":50,"column":10}},"10":{"start":{"line":52,"column":8},"end":{"line":54,"column":9}},"11":{"start":{"line":53,"column":12},"end":{"line":53,"column":56}},"12":{"start":{"line":58,"column":21},"end":{"line":80,"column":5}},"13":{"start":{"line":59,"column":23},"end":{"line":59,"column":32}},"14":{"start":{"line":60,"column":55},"end":{"line":60,"column":63}},"15":{"start":{"line":61,"column":8},"end":{"line":64,"column":9}},"16":{"start":{"line":62,"column":12},"end":{"line":62,"column":65}},"17":{"start":{"line":63,"column":12},"end":{"line":63,"column":19}},"18":{"start":{"line":65,"column":8},"end":{"line":65,"column":25}},"19":{"start":{"line":67,"column":8},"end":{"line":71,"column":9}},"20":{"start":{"line":68,"column":27},"end":{"line":68,"column":73}},"21":{"start":{"line":69,"column":12},"end":{"line":70,"column":39}},"22":{"start":{"line":69,"column":33},"end":{"line":69,"column":64}},"23":{"start":{"line":70,"column":17},"end":{"line":70,"column":39}},"24":{"start":{"line":73,"column":20},"end":{"line":73,"column":63}},"25":{"start":{"line":74,"column":8},"end":{"line":74,"column":26}},"26":{"start":{"line":76,"column":8},"end":{"line":79,"column":9}},"27":{"start":{"line":77,"column":12},"end":{"line":77,"column":54}},"28":{"start":{"line":78,"column":12},"end":{"line":78,"column":26}},"29":{"start":{"line":82,"column":22},"end":{"line":82,"column":111}},"30":{"start":{"line":83,"column":2},"end":{"line":130,"column":3}},"31":{"start":{"line":103,"column":42},"end":{"line":103,"column":73}},"32":{"start":{"line":109,"column":42},"end":{"line":109,"column":80}},"33":{"start":{"line":115,"column":42},"end":{"line":115,"column":76}},"34":{"start":{"line":122,"column":42},"end":{"line":122,"column":72}},"35":{"start":{"line":135,"column":15},"end":{"line":186,"column":2}}},"fnMap":{"0":{"name":"(anonymous_0)","decl":{"start":{"line":17,"column":20},"end":{"line":17,"column":21}},"loc":{"start":{"line":17,"column":26},"end":{"line":131,"column":1}},"line":17},"1":{"name":"(anonymous_1)","decl":{"start":{"line":31,"column":14},"end":{"line":31,"column":15}},"loc":{"start":{"line":31,"column":18},"end":{"line":41,"column":5}},"line":31},"2":{"name":"(anonymous_2)","decl":{"start":{"line":43,"column":24},"end":{"line":43,"column":25}},"loc":{"start":{"line":43,"column":34},"end":{"line":56,"column":5}},"line":43},"3":{"name":"(anonymous_3)","decl":{"start":{"line":58,"column":21},"end":{"line":58,"column":22}},"loc":{"start":{"line":58,"column":31},"end":{"line":80,"column":5}},"line":58},"4":{"name":"(anonymous_4)","decl":{"start":{"line":103,"column":34},"end":{"line":103,"column":35}},"loc":{"start":{"line":103,"column":42},"end":{"line":103,"column":73}},"line":103},"5":{"name":"(anonymous_5)","decl":{"start":{"line":109,"column":34},"end":{"line":109,"column":35}},"loc":{"start":{"line":109,"column":42},"end":{"line":109,"column":80}},"line":109},"6":{"name":"(anonymous_6)","decl":{"start":{"line":115,"column":34},"end":{"line":115,"column":35}},"loc":{"start":{"line":115,"column":42},"end":{"line":115,"column":76}},"line":115},"7":{"name":"(anonymous_7)","decl":{"start":{"line":122,"column":34},"end":{"line":122,"column":35}},"loc":{"start":{"line":122,"column":42},"end":{"line":122,"column":72}},"line":122}},"branchMap":{"0":{"loc":{"start":{"line":32,"column":8},"end":{"line":40,"column":9}},"type":"if","locations":[{"start":{"line":32,"column":8},"end":{"line":40,"column":9}},{"start":{},"end":{}}],"line":32},"1":{"loc":{"start":{"line":34,"column":22},"end":{"line":34,"column":44}},"type":"binary-expr","locations":[{"start":{"line":34,"column":22},"end":{"line":34,"column":38}},{"start":{"line":34,"column":42},"end":{"line":34,"column":44}}],"line":34},"2":{"loc":{"start":{"line":35,"column":29},"end":{"line":35,"column":58}},"type":"binary-expr","locations":[{"start":{"line":35,"column":29},"end":{"line":35,"column":52}},{"start":{"line":35,"column":56},"end":{"line":35,"column":58}}],"line":35},"3":{"loc":{"start":{"line":36,"column":23},"end":{"line":36,"column":46}},"type":"binary-expr","locations":[{"start":{"line":36,"column":23},"end":{"line":36,"column":40}},{"start":{"line":36,"column":44},"end":{"line":36,"column":46}}],"line":36},"4":{"loc":{"start":{"line":37,"column":25},"end":{"line":37,"column":50}},"type":"binary-expr","locations":[{"start":{"line":37,"column":25},"end":{"line":37,"column":44}},{"start":{"line":37,"column":48},"end":{"line":37,"column":50}}],"line":37},"5":{"loc":{"start":{"line":38,"column":21},"end":{"line":38,"column":42}},"type":"binary-expr","locations":[{"start":{"line":38,"column":21},"end":{"line":38,"column":36}},{"start":{"line":38,"column":40},"end":{"line":38,"column":42}}],"line":38},"6":{"loc":{"start":{"line":52,"column":8},"end":{"line":54,"column":9}},"type":"if","locations":[{"start":{"line":52,"column":8},"end":{"line":54,"column":9}},{"start":{},"end":{}}],"line":52},"7":{"loc":{"start":{"line":61,"column":8},"end":{"line":64,"column":9}},"type":"if","locations":[{"start":{"line":61,"column":8},"end":{"line":64,"column":9}},{"start":{},"end":{}}],"line":61},"8":{"loc":{"start":{"line":61,"column":11},"end":{"line":61,"column":62}},"type":"binary-expr","locations":[{"start":{"line":61,"column":11},"end":{"line":61,"column":16}},{"start":{"line":61,"column":20},"end":{"line":61,"column":32}},{"start":{"line":61,"column":36},"end":{"line":61,"column":44}},{"start":{"line":61,"column":48},"end":{"line":61,"column":52}},{"start":{"line":61,"column":56},"end":{"line":61,"column":62}}],"line":61},"9":{"loc":{"start":{"line":67,"column":8},"end":{"line":71,"column":9}},"type":"if","locations":[{"start":{"line":67,"column":8},"end":{"line":71,"column":9}},{"start":{},"end":{}}],"line":67},"10":{"loc":{"start":{"line":69,"column":12},"end":{"line":70,"column":39}},"type":"if","locations":[{"start":{"line":69,"column":12},"end":{"line":70,"column":39}},{"start":{"line":70,"column":17},"end":{"line":70,"column":39}}],"line":69},"11":{"loc":{"start":{"line":76,"column":8},"end":{"line":79,"column":9}},"type":"if","locations":[{"start":{"line":76,"column":8},"end":{"line":79,"column":9}},{"start":{},"end":{}}],"line":76},"12":{"loc":{"start":{"line":82,"column":22},"end":{"line":82,"column":111}},"type":"cond-expr","locations":[{"start":{"line":82,"column":67},"end":{"line":82,"column":81}},{"start":{"line":82,"column":84},"end":{"line":82,"column":111}}],"line":82},"13":{"loc":{"start":{"line":82,"column":22},"end":{"line":82,"column":65}},"type":"binary-expr","locations":[{"start":{"line":82,"column":22},"end":{"line":82,"column":32}},{"start":{"line":82,"column":36},"end":{"line":82,"column":65}}],"line":82}},"s":{"0":1,"1":10,"2":10,"3":10,"4":10,"5":10,"6":5,"7":5,"8":10,"9":0,"10":0,"11":0,"12":10,"13":0,"14":0,"15":0,"16":0,"17":0,"18":0,"19":0,"20":0,"21":0,"22":0,"23":0,"24":0,"25":0,"26":0,"27":0,"28":0,"29":10,"30":10,"31":0,"32":0,"33":0,"34":0,"35":1},"f":{"0":10,"1":5,"2":0,"3":0,"4":0,"5":0,"6":0,"7":0},"b":{"0":[5,0],"1":[5,0],"2":[5,0],"3":[5,0],"4":[5,0],"5":[5,0],"6":[0,0],"7":[0,0],"8":[0,0,0,0,0],"9":[0,0],"10":[0,0],"11":[0,0],"12":[0,10],"13":[10,5]},"_coverageSchema":"1a1c01bbd47fc00a2c39e90264f33305004495a9","hash":"ebab79626693d8b03aa702d7493d4c74807d25a6"}
,"C:\\Users\\Ramzan Lafir\\REACT_NATIVE\\MyMobileApp\\app\\(main)\\home.jsx": {"path":"C:\\Users\\Ramzan Lafir\\REACT_NATIVE\\MyMobileApp\\app\\(main)\\home.jsx","statementMap":{"0":{"start":{"line":16,"column":12},"end":{"line":16,"column":13}},"1":{"start":{"line":17,"column":13},"end":{"line":171,"column":1}},"2":{"start":{"line":19,"column":28},"end":{"line":19,"column":37}},"3":{"start":{"line":20,"column":19},"end":{"line":20,"column":30}},"4":{"start":{"line":22,"column":30},"end":{"line":22,"column":42}},"5":{"start":{"line":23,"column":34},"end":{"line":23,"column":48}},"6":{"start":{"line":24,"column":54},"end":{"line":24,"column":65}},"7":{"start":{"line":26,"column":28},"end":{"line":54,"column":5}},"8":{"start":{"line":28,"column":8},"end":{"line":35,"column":9}},"9":{"start":{"line":29,"column":26},"end":{"line":29,"column":42}},"10":{"start":{"line":30,"column":22},"end":{"line":30,"column":55}},"11":{"start":{"line":31,"column":12},"end":{"line":31,"column":35}},"12":{"start":{"line":32,"column":12},"end":{"line":32,"column":45}},"13":{"start":{"line":33,"column":12},"end":{"line":33,"column":53}},"14":{"start":{"line":34,"column":12},"end":{"line":34,"column":58}},"15":{"start":{"line":34,"column":33},"end":{"line":34,"column":56}},"16":{"start":{"line":36,"column":8},"end":{"line":41,"column":9}},"17":{"start":{"line":37,"column":12},"end":{"line":40,"column":14}},"18":{"start":{"line":38,"column":35},"end":{"line":38,"column":83}},"19":{"start":{"line":38,"column":59},"end":{"line":38,"column":82}},"20":{"start":{"line":39,"column":16},"end":{"line":39,"column":36}},"21":{"start":{"line":42,"column":8},"end":{"line":53,"column":9}},"22":{"start":{"line":43,"column":12},"end":{"line":52,"column":14}},"23":{"start":{"line":44,"column":35},"end":{"line":50,"column":18}},"24":{"start":{"line":45,"column":20},"end":{"line":48,"column":21}},"25":{"start":{"line":46,"column":24},"end":{"line":46,"column":53}},"26":{"start":{"line":47,"column":24},"end":{"line":47,"column":53}},"27":{"start":{"line":49,"column":20},"end":{"line":49,"column":32}},"28":{"start":{"line":51,"column":16},"end":{"line":51,"column":36}},"29":{"start":{"line":56,"column":34},"end":{"line":61,"column":5}},"30":{"start":{"line":57,"column":8},"end":{"line":57,"column":55}},"31":{"start":{"line":58,"column":8},"end":{"line":60,"column":9}},"32":{"start":{"line":59,"column":12},"end":{"line":59,"column":48}},"33":{"start":{"line":59,"column":40},"end":{"line":59,"column":46}},"34":{"start":{"line":63,"column":4},"end":{"line":79,"column":9}},"35":{"start":{"line":64,"column":26},"end":{"line":67,"column":20}},"36":{"start":{"line":69,"column":34},"end":{"line":72,"column":20}},"37":{"start":{"line":75,"column":8},"end":{"line":78,"column":9}},"38":{"start":{"line":76,"column":12},"end":{"line":76,"column":48}},"39":{"start":{"line":77,"column":12},"end":{"line":77,"column":56}},"40":{"start":{"line":81,"column":21},"end":{"line":95,"column":5}},"41":{"start":{"line":83,"column":8},"end":{"line":83,"column":33}},"42":{"start":{"line":83,"column":21},"end":{"line":83,"column":33}},"43":{"start":{"line":84,"column":8},"end":{"line":84,"column":27}},"44":{"start":{"line":86,"column":18},"end":{"line":86,"column":41}},"45":{"start":{"line":91,"column":8},"end":{"line":94,"column":9}},"46":{"start":{"line":92,"column":12},"end":{"line":92,"column":64}},"47":{"start":{"line":92,"column":46},"end":{"line":92,"column":64}},"48":{"start":{"line":93,"column":12},"end":{"line":93,"column":31}},"49":{"start":{"line":107,"column":2},"end":{"line":170,"column":3}},"50":{"start":{"line":114,"column":20},"end":{"line":114,"column":43}},"51":{"start":{"line":115,"column":20},"end":{"line":115,"column":48}},"52":{"start":{"line":126,"column":41},"end":{"line":126,"column":63}},"53":{"start":{"line":129,"column":41},"end":{"line":129,"column":63}},"54":{"start":{"line":144,"column":33},"end":{"line":144,"column":51}},"55":{"start":{"line":145,"column":35},"end":{"line":149,"column":18}},"56":{"start":{"line":152,"column":16},"end":{"line":152,"column":27}},"57":{"start":{"line":153,"column":16},"end":{"line":153,"column":46}},"58":{"start":{"line":175,"column":15},"end":{"line":229,"column":2}}},"fnMap":{"0":{"name":"(anonymous_0)","decl":{"start":{"line":17,"column":13},"end":{"line":17,"column":14}},"loc":{"start":{"line":17,"column":19},"end":{"line":171,"column":1}},"line":17},"1":{"name":"(anonymous_1)","decl":{"start":{"line":26,"column":28},"end":{"line":26,"column":29}},"loc":{"start":{"line":26,"column":45},"end":{"line":54,"column":5}},"line":26},"2":{"name":"(anonymous_2)","decl":{"start":{"line":34,"column":21},"end":{"line":34,"column":22}},"loc":{"start":{"line":34,"column":33},"end":{"line":34,"column":56}},"line":34},"3":{"name":"(anonymous_3)","decl":{"start":{"line":37,"column":21},"end":{"line":37,"column":22}},"loc":{"start":{"line":37,"column":32},"end":{"line":40,"column":13}},"line":37},"4":{"name":"(anonymous_4)","decl":{"start":{"line":38,"column":52},"end":{"line":38,"column":53}},"loc":{"start":{"line":38,"column":59},"end":{"line":38,"column":82}},"line":38},"5":{"name":"(anonymous_5)","decl":{"start":{"line":43,"column":21},"end":{"line":43,"column":22}},"loc":{"start":{"line":43,"column":32},"end":{"line":52,"column":13}},"line":43},"6":{"name":"(anonymous_6)","decl":{"start":{"line":44,"column":49},"end":{"line":44,"column":50}},"loc":{"start":{"line":44,"column":55},"end":{"line":50,"column":17}},"line":44},"7":{"name":"(anonymous_7)","decl":{"start":{"line":56,"column":34},"end":{"line":56,"column":35}},"loc":{"start":{"line":56,"column":51},"end":{"line":61,"column":5}},"line":56},"8":{"name":"(anonymous_8)","decl":{"start":{"line":59,"column":33},"end":{"line":59,"column":34}},"loc":{"start":{"line":59,"column":40},"end":{"line":59,"column":46}},"line":59},"9":{"name":"(anonymous_9)","decl":{"start":{"line":63,"column":14},"end":{"line":63,"column":15}},"loc":{"start":{"line":63,"column":18},"end":{"line":79,"column":5}},"line":63},"10":{"name":"(anonymous_10)","decl":{"start":{"line":75,"column":15},"end":{"line":75,"column":16}},"loc":{"start":{"line":75,"column":19},"end":{"line":78,"column":9}},"line":75},"11":{"name":"(anonymous_11)","decl":{"start":{"line":81,"column":21},"end":{"line":81,"column":22}},"loc":{"start":{"line":81,"column":31},"end":{"line":95,"column":5}},"line":81},"12":{"name":"(anonymous_12)","decl":{"start":{"line":113,"column":36},"end":{"line":113,"column":37}},"loc":{"start":{"line":113,"column":41},"end":{"line":116,"column":17}},"line":113},"13":{"name":"(anonymous_13)","decl":{"start":{"line":126,"column":36},"end":{"line":126,"column":37}},"loc":{"start":{"line":126,"column":41},"end":{"line":126,"column":63}},"line":126},"14":{"name":"(anonymous_14)","decl":{"start":{"line":129,"column":36},"end":{"line":129,"column":37}},"loc":{"start":{"line":129,"column":41},"end":{"line":129,"column":63}},"line":129},"15":{"name":"(anonymous_15)","decl":{"start":{"line":144,"column":26},"end":{"line":144,"column":27}},"loc":{"start":{"line":144,"column":33},"end":{"line":144,"column":51}},"line":144},"16":{"name":"(anonymous_16)","decl":{"start":{"line":145,"column":24},"end":{"line":145,"column":25}},"loc":{"start":{"line":145,"column":35},"end":{"line":149,"column":18}},"line":145},"17":{"name":"(anonymous_17)","decl":{"start":{"line":151,"column":26},"end":{"line":151,"column":27}},"loc":{"start":{"line":151,"column":30},"end":{"line":154,"column":13}},"line":151}},"branchMap":{"0":{"loc":{"start":{"line":28,"column":8},"end":{"line":35,"column":9}},"type":"if","locations":[{"start":{"line":28,"column":8},"end":{"line":35,"column":9}},{"start":{},"end":{}}],"line":28},"1":{"loc":{"start":{"line":28,"column":11},"end":{"line":28,"column":60}},"type":"binary-expr","locations":[{"start":{"line":28,"column":11},"end":{"line":28,"column":40}},{"start":{"line":28,"column":44},"end":{"line":28,"column":60}}],"line":28},"2":{"loc":{"start":{"line":33,"column":27},"end":{"line":33,"column":52}},"type":"cond-expr","locations":[{"start":{"line":33,"column":40},"end":{"line":33,"column":48}},{"start":{"line":33,"column":50},"end":{"line":33,"column":52}}],"line":33},"3":{"loc":{"start":{"line":36,"column":8},"end":{"line":41,"column":9}},"type":"if","locations":[{"start":{"line":36,"column":8},"end":{"line":41,"column":9}},{"start":{},"end":{}}],"line":36},"4":{"loc":{"start":{"line":36,"column":11},"end":{"line":36,"column":56}},"type":"binary-expr","locations":[{"start":{"line":36,"column":11},"end":{"line":36,"column":38}},{"start":{"line":36,"column":42},"end":{"line":36,"column":56}}],"line":36},"5":{"loc":{"start":{"line":42,"column":8},"end":{"line":53,"column":9}},"type":"if","locations":[{"start":{"line":42,"column":8},"end":{"line":53,"column":9}},{"start":{},"end":{}}],"line":42},"6":{"loc":{"start":{"line":42,"column":11},"end":{"line":42,"column":60}},"type":"binary-expr","locations":[{"start":{"line":42,"column":11},"end":{"line":42,"column":40}},{"start":{"line":42,"column":44},"end":{"line":42,"column":60}}],"line":42},"7":{"loc":{"start":{"line":45,"column":20},"end":{"line":48,"column":21}},"type":"if","locations":[{"start":{"line":45,"column":20},"end":{"line":48,"column":21}},{"start":{},"end":{}}],"line":45},"8":{"loc":{"start":{"line":58,"column":8},"end":{"line":60,"column":9}},"type":"if","locations":[{"start":{"line":58,"column":8},"end":{"line":60,"column":9}},{"start":{},"end":{}}],"line":58},"9":{"loc":{"start":{"line":58,"column":11},"end":{"line":58,"column":56}},"type":"binary-expr","locations":[{"start":{"line":58,"column":11},"end":{"line":58,"column":38}},{"start":{"line":58,"column":42},"end":{"line":58,"column":56}}],"line":58},"10":{"loc":{"start":{"line":83,"column":8},"end":{"line":83,"column":33}},"type":"if","locations":[{"start":{"line":83,"column":8},"end":{"line":83,"column":33}},{"start":{},"end":{}}],"line":83},"11":{"loc":{"start":{"line":91,"column":8},"end":{"line":94,"column":9}},"type":"if","locations":[{"start":{"line":91,"column":8},"end":{"line":94,"column":9}},{"start":{},"end":{}}],"line":91},"12":{"loc":{"start":{"line":92,"column":12},"end":{"line":92,"column":64}},"type":"if","locations":[{"start":{"line":92,"column":12},"end":{"line":92,"column":64}},{"start":{},"end":{}}],"line":92},"13":{"loc":{"start":{"line":119,"column":24},"end":{"line":123,"column":25}},"type":"binary-expr","locations":[{"start":{"line":119,"column":24},"end":{"line":119,"column":45}},{"start":{"line":120,"column":28},"end":{"line":122,"column":35}}],"line":119},"14":{"loc":{"start":{"line":156,"column":33},"end":{"line":164,"column":13}},"type":"cond-expr","locations":[{"start":{"line":157,"column":16},"end":{"line":159,"column":23}},{"start":{"line":161,"column":16},"end":{"line":163,"column":23}}],"line":156},"15":{"loc":{"start":{"line":157,"column":46},"end":{"line":157,"column":70}},"type":"cond-expr","locations":[{"start":{"line":157,"column":63},"end":{"line":157,"column":66}},{"start":{"line":157,"column":68},"end":{"line":157,"column":70}}],"line":157}},"s":{"0":1,"1":1,"2":1,"3":1,"4":1,"5":1,"6":1,"7":1,"8":0,"9":0,"10":0,"11":0,"12":0,"13":0,"14":0,"15":0,"16":0,"17":0,"18":0,"19":0,"20":0,"21":0,"22":0,"23":0,"24":0,"25":0,"26":0,"27":0,"28":0,"29":1,"30":0,"31":0,"32":0,"33":0,"34":1,"35":1,"36":1,"37":1,"38":1,"39":1,"40":1,"41":0,"42":0,"43":0,"44":0,"45":0,"46":0,"47":0,"48":0,"49":1,"50":0,"51":0,"52":0,"53":0,"54":0,"55":0,"56":0,"57":0,"58":1},"f":{"0":1,"1":0,"2":0,"3":0,"4":0,"5":0,"6":0,"7":0,"8":0,"9":1,"10":1,"11":0,"12":0,"13":0,"14":0,"15":0,"16":0,"17":0},"b":{"0":[0,0],"1":[0,0],"2":[0,0],"3":[0,0],"4":[0,0],"5":[0,0],"6":[0,0],"7":[0,0],"8":[0,0],"9":[0,0],"10":[0,0],"11":[0,0],"12":[0,0],"13":[1,0],"14":[1,0],"15":[1,0]},"_coverageSchema":"1a1c01bbd47fc00a2c39e90264f33305004495a9","hash":"fee392475bff4e32a10031f6c3c31e5714a086eb"}
,"C:\\Users\\Ramzan Lafir\\REACT_NATIVE\\MyMobileApp\\app\\(main)\\newPost.jsx": {"path":"C:\\Users\\Ramzan Lafir\\REACT_NATIVE\\MyMobileApp\\app\\(main)\\newPost.jsx","statementMap":{"0":{"start":{"line":19,"column":16},"end":{"line":202,"column":1}},"1":{"start":{"line":21,"column":17},"end":{"line":21,"column":39}},"2":{"start":{"line":23,"column":19},"end":{"line":23,"column":28}},"3":{"start":{"line":24,"column":20},"end":{"line":24,"column":30}},"4":{"start":{"line":25,"column":22},"end":{"line":25,"column":34}},"5":{"start":{"line":26,"column":19},"end":{"line":26,"column":30}},"6":{"start":{"line":27,"column":34},"end":{"line":27,"column":49}},"7":{"start":{"line":28,"column":28},"end":{"line":28,"column":42}},"8":{"start":{"line":30,"column":4},"end":{"line":38,"column":9}},"9":{"start":{"line":31,"column":8},"end":{"line":37,"column":9}},"10":{"start":{"line":32,"column":12},"end":{"line":32,"column":40}},"11":{"start":{"line":33,"column":12},"end":{"line":33,"column":39}},"12":{"start":{"line":34,"column":12},"end":{"line":36,"column":19}},"13":{"start":{"line":35,"column":16},"end":{"line":35,"column":62}},"14":{"start":{"line":40,"column":19},"end":{"line":60,"column":5}},"15":{"start":{"line":42,"column":26},"end":{"line":47,"column":9}},"16":{"start":{"line":48,"column":8},"end":{"line":53,"column":9}},"17":{"start":{"line":49,"column":12},"end":{"line":52,"column":13}},"18":{"start":{"line":54,"column":21},"end":{"line":54,"column":75}},"19":{"start":{"line":56,"column":8},"end":{"line":58,"column":9}},"20":{"start":{"line":57,"column":12},"end":{"line":57,"column":38}},"21":{"start":{"line":62,"column":24},"end":{"line":67,"column":5}},"22":{"start":{"line":63,"column":8},"end":{"line":63,"column":30}},"23":{"start":{"line":63,"column":18},"end":{"line":63,"column":30}},"24":{"start":{"line":64,"column":8},"end":{"line":64,"column":48}},"25":{"start":{"line":64,"column":36},"end":{"line":64,"column":48}},"26":{"start":{"line":66,"column":8},"end":{"line":66,"column":21}},"27":{"start":{"line":69,"column":24},"end":{"line":80,"column":5}},"28":{"start":{"line":70,"column":8},"end":{"line":70,"column":30}},"29":{"start":{"line":70,"column":18},"end":{"line":70,"column":30}},"30":{"start":{"line":71,"column":8},"end":{"line":73,"column":9}},"31":{"start":{"line":72,"column":12},"end":{"line":72,"column":29}},"32":{"start":{"line":75,"column":8},"end":{"line":77,"column":9}},"33":{"start":{"line":76,"column":12},"end":{"line":76,"column":27}},"34":{"start":{"line":79,"column":8},"end":{"line":79,"column":23}},"35":{"start":{"line":82,"column":23},"end":{"line":89,"column":5}},"36":{"start":{"line":83,"column":8},"end":{"line":83,"column":30}},"37":{"start":{"line":83,"column":18},"end":{"line":83,"column":30}},"38":{"start":{"line":84,"column":8},"end":{"line":86,"column":9}},"39":{"start":{"line":85,"column":12},"end":{"line":85,"column":28}},"40":{"start":{"line":88,"column":8},"end":{"line":88,"column":45}},"41":{"start":{"line":91,"column":21},"end":{"line":118,"column":5}},"42":{"start":{"line":93,"column":8},"end":{"line":96,"column":9}},"43":{"start":{"line":94,"column":12},"end":{"line":94,"column":74}},"44":{"start":{"line":95,"column":12},"end":{"line":95,"column":19}},"45":{"start":{"line":97,"column":19},"end":{"line":101,"column":9}},"46":{"start":{"line":103,"column":8},"end":{"line":103,"column":46}},"47":{"start":{"line":103,"column":28},"end":{"line":103,"column":46}},"48":{"start":{"line":105,"column":8},"end":{"line":105,"column":25}},"49":{"start":{"line":106,"column":18},"end":{"line":106,"column":48}},"50":{"start":{"line":107,"column":8},"end":{"line":107,"column":26}},"51":{"start":{"line":109,"column":8},"end":{"line":116,"column":9}},"52":{"start":{"line":110,"column":12},"end":{"line":110,"column":26}},"53":{"start":{"line":111,"column":12},"end":{"line":111,"column":33}},"54":{"start":{"line":112,"column":12},"end":{"line":112,"column":50}},"55":{"start":{"line":113,"column":12},"end":{"line":113,"column":26}},"56":{"start":{"line":115,"column":12},"end":{"line":115,"column":41}},"57":{"start":{"line":120,"column":4},"end":{"line":120,"column":52}},"58":{"start":{"line":121,"column":2},"end":{"line":201,"column":3}},"59":{"start":{"line":147,"column":75},"end":{"line":147,"column":97}},"60":{"start":{"line":170,"column":78},"end":{"line":170,"column":91}},"61":{"start":{"line":181,"column":55},"end":{"line":181,"column":67}},"62":{"start":{"line":184,"column":55},"end":{"line":184,"column":68}},"63":{"start":{"line":206,"column":15},"end":{"line":287,"column":2}}},"fnMap":{"0":{"name":"(anonymous_0)","decl":{"start":{"line":19,"column":16},"end":{"line":19,"column":17}},"loc":{"start":{"line":19,"column":22},"end":{"line":202,"column":1}},"line":19},"1":{"name":"(anonymous_1)","decl":{"start":{"line":30,"column":14},"end":{"line":30,"column":15}},"loc":{"start":{"line":30,"column":18},"end":{"line":38,"column":5}},"line":30},"2":{"name":"(anonymous_2)","decl":{"start":{"line":34,"column":23},"end":{"line":34,"column":24}},"loc":{"start":{"line":34,"column":27},"end":{"line":36,"column":13}},"line":34},"3":{"name":"(anonymous_3)","decl":{"start":{"line":40,"column":19},"end":{"line":40,"column":20}},"loc":{"start":{"line":40,"column":36},"end":{"line":60,"column":5}},"line":40},"4":{"name":"(anonymous_4)","decl":{"start":{"line":62,"column":24},"end":{"line":62,"column":25}},"loc":{"start":{"line":62,"column":30},"end":{"line":67,"column":5}},"line":62},"5":{"name":"(anonymous_5)","decl":{"start":{"line":69,"column":24},"end":{"line":69,"column":25}},"loc":{"start":{"line":69,"column":32},"end":{"line":80,"column":5}},"line":69},"6":{"name":"(anonymous_6)","decl":{"start":{"line":82,"column":23},"end":{"line":82,"column":24}},"loc":{"start":{"line":82,"column":29},"end":{"line":89,"column":5}},"line":82},"7":{"name":"(anonymous_7)","decl":{"start":{"line":91,"column":21},"end":{"line":91,"column":22}},"loc":{"start":{"line":91,"column":31},"end":{"line":118,"column":5}},"line":91},"8":{"name":"(anonymous_8)","decl":{"start":{"line":147,"column":68},"end":{"line":147,"column":69}},"loc":{"start":{"line":147,"column":75},"end":{"line":147,"column":97}},"line":147},"9":{"name":"(anonymous_9)","decl":{"start":{"line":170,"column":73},"end":{"line":170,"column":74}},"loc":{"start":{"line":170,"column":78},"end":{"line":170,"column":91}},"line":170},"10":{"name":"(anonymous_10)","decl":{"start":{"line":181,"column":51},"end":{"line":181,"column":52}},"loc":{"start":{"line":181,"column":55},"end":{"line":181,"column":67}},"line":181},"11":{"name":"(anonymous_11)","decl":{"start":{"line":184,"column":51},"end":{"line":184,"column":52}},"loc":{"start":{"line":184,"column":55},"end":{"line":184,"column":68}},"line":184}},"branchMap":{"0":{"loc":{"start":{"line":31,"column":8},"end":{"line":37,"column":9}},"type":"if","locations":[{"start":{"line":31,"column":8},"end":{"line":37,"column":9}},{"start":{},"end":{}}],"line":31},"1":{"loc":{"start":{"line":31,"column":11},"end":{"line":31,"column":26}},"type":"binary-expr","locations":[{"start":{"line":31,"column":11},"end":{"line":31,"column":15}},{"start":{"line":31,"column":19},"end":{"line":31,"column":26}}],"line":31},"2":{"loc":{"start":{"line":33,"column":20},"end":{"line":33,"column":37}},"type":"binary-expr","locations":[{"start":{"line":33,"column":20},"end":{"line":33,"column":29}},{"start":{"line":33,"column":33},"end":{"line":33,"column":37}}],"line":33},"3":{"loc":{"start":{"line":48,"column":8},"end":{"line":53,"column":9}},"type":"if","locations":[{"start":{"line":48,"column":8},"end":{"line":53,"column":9}},{"start":{},"end":{}}],"line":48},"4":{"loc":{"start":{"line":56,"column":8},"end":{"line":58,"column":9}},"type":"if","locations":[{"start":{"line":56,"column":8},"end":{"line":58,"column":9}},{"start":{},"end":{}}],"line":56},"5":{"loc":{"start":{"line":63,"column":8},"end":{"line":63,"column":30}},"type":"if","locations":[{"start":{"line":63,"column":8},"end":{"line":63,"column":30}},{"start":{},"end":{}}],"line":63},"6":{"loc":{"start":{"line":64,"column":8},"end":{"line":64,"column":48}},"type":"if","locations":[{"start":{"line":64,"column":8},"end":{"line":64,"column":48}},{"start":{},"end":{}}],"line":64},"7":{"loc":{"start":{"line":70,"column":8},"end":{"line":70,"column":30}},"type":"if","locations":[{"start":{"line":70,"column":8},"end":{"line":70,"column":30}},{"start":{},"end":{}}],"line":70},"8":{"loc":{"start":{"line":71,"column":8},"end":{"line":73,"column":9}},"type":"if","locations":[{"start":{"line":71,"column":8},"end":{"line":73,"column":9}},{"start":{},"end":{}}],"line":71},"9":{"loc":{"start":{"line":75,"column":8},"end":{"line":77,"column":9}},"type":"if","locations":[{"start":{"line":75,"column":8},"end":{"line":77,"column":9}},{"start":{},"end":{}}],"line":75},"10":{"loc":{"start":{"line":83,"column":8},"end":{"line":83,"column":30}},"type":"if","locations":[{"start":{"line":83,"column":8},"end":{"line":83,"column":30}},{"start":{},"end":{}}],"line":83},"11":{"loc":{"start":{"line":84,"column":8},"end":{"line":86,"column":9}},"type":"if","locations":[{"start":{"line":84,"column":8},"end":{"line":86,"column":9}},{"start":{},"end":{}}],"line":84},"12":{"loc":{"start":{"line":93,"column":8},"end":{"line":96,"column":9}},"type":"if","locations":[{"start":{"line":93,"column":8},"end":{"line":96,"column":9}},{"start":{},"end":{}}],"line":93},"13":{"loc":{"start":{"line":93,"column":11},"end":{"line":93,"column":36}},"type":"binary-expr","locations":[{"start":{"line":93,"column":11},"end":{"line":93,"column":27}},{"start":{"line":93,"column":31},"end":{"line":93,"column":36}}],"line":93},"14":{"loc":{"start":{"line":103,"column":8},"end":{"line":103,"column":46}},"type":"if","locations":[{"start":{"line":103,"column":8},"end":{"line":103,"column":46}},{"start":{},"end":{}}],"line":103},"15":{"loc":{"start":{"line":103,"column":11},"end":{"line":103,"column":26}},"type":"binary-expr","locations":[{"start":{"line":103,"column":11},"end":{"line":103,"column":15}},{"start":{"line":103,"column":19},"end":{"line":103,"column":26}}],"line":103},"16":{"loc":{"start":{"line":109,"column":8},"end":{"line":116,"column":9}},"type":"if","locations":[{"start":{"line":109,"column":8},"end":{"line":116,"column":9}},{"start":{"line":114,"column":13},"end":{"line":116,"column":9}}],"line":109},"17":{"loc":{"start":{"line":135,"column":32},"end":{"line":135,"column":49}},"type":"binary-expr","locations":[{"start":{"line":135,"column":32},"end":{"line":135,"column":36}},{"start":{"line":135,"column":40},"end":{"line":135,"column":49}}],"line":135},"18":{"loc":{"start":{"line":140,"column":32},"end":{"line":140,"column":49}},"type":"binary-expr","locations":[{"start":{"line":140,"column":32},"end":{"line":140,"column":36}},{"start":{"line":140,"column":40},"end":{"line":140,"column":49}}],"line":140},"19":{"loc":{"start":{"line":151,"column":20},"end":{"line":175,"column":21}},"type":"binary-expr","locations":[{"start":{"line":151,"column":20},"end":{"line":151,"column":24}},{"start":{"line":152,"column":24},"end":{"line":174,"column":31}}],"line":151},"20":{"loc":{"start":{"line":154,"column":32},"end":{"line":166,"column":33}},"type":"cond-expr","locations":[{"start":{"line":155,"column":36},"end":{"line":163,"column":38}},{"start":{"line":165,"column":36},"end":{"line":165,"column":114}}],"line":154},"21":{"loc":{"start":{"line":194,"column":23},"end":{"line":194,"column":56}},"type":"cond-expr","locations":[{"start":{"line":194,"column":40},"end":{"line":194,"column":48}},{"start":{"line":194,"column":50},"end":{"line":194,"column":56}}],"line":194},"22":{"loc":{"start":{"line":194,"column":23},"end":{"line":194,"column":38}},"type":"binary-expr","locations":[{"start":{"line":194,"column":23},"end":{"line":194,"column":27}},{"start":{"line":194,"column":31},"end":{"line":194,"column":38}}],"line":194}},"s":{"0":1,"1":3,"2":3,"3":3,"4":3,"5":3,"6":3,"7":3,"8":3,"9":3,"10":0,"11":0,"12":0,"13":0,"14":3,"15":0,"16":0,"17":0,"18":0,"19":0,"20":0,"21":3,"22":0,"23":0,"24":0,"25":0,"26":0,"27":3,"28":0,"29":0,"30":0,"31":0,"32":0,"33":0,"34":0,"35":3,"36":3,"37":3,"38":0,"39":0,"40":0,"41":3,"42":0,"43":0,"44":0,"45":0,"46":0,"47":0,"48":0,"49":0,"50":0,"51":0,"52":0,"53":0,"54":0,"55":0,"56":0,"57":3,"58":3,"59":0,"60":0,"61":0,"62":0,"63":1},"f":{"0":3,"1":3,"2":0,"3":0,"4":0,"5":0,"6":3,"7":0,"8":0,"9":0,"10":0,"11":0},"b":{"0":[0,3],"1":[3,3],"2":[0,0],"3":[0,0],"4":[0,0],"5":[0,0],"6":[0,0],"7":[0,0],"8":[0,0],"9":[0,0],"10":[3,0],"11":[0,0],"12":[0,0],"13":[0,0],"14":[0,0],"15":[0,0],"16":[0,0],"17":[3,3],"18":[3,3],"19":[3,0],"20":[0,0],"21":[0,3],"22":[3,3]},"_coverageSchema":"1a1c01bbd47fc00a2c39e90264f33305004495a9","hash":"74db7b1fb0c79d57341c2a4bfbcb56c5ba8e9bbd"}
,"C:\\Users\\Ramzan Lafir\\REACT_NATIVE\\MyMobileApp\\app\\(main)\\notifications.jsx": {"path":"C:\\Users\\Ramzan Lafir\\REACT_NATIVE\\MyMobileApp\\app\\(main)\\notifications.jsx","statementMap":{"0":{"start":{"line":12,"column":22},"end":{"line":50,"column":1}},"1":{"start":{"line":13,"column":44},"end":{"line":13,"column":56}},"2":{"start":{"line":14,"column":17},"end":{"line":14,"column":26}},"3":{"start":{"line":15,"column":17},"end":{"line":15,"column":28}},"4":{"start":{"line":17,"column":2},"end":{"line":19,"column":7}},"5":{"start":{"line":18,"column":4},"end":{"line":18,"column":23}},"6":{"start":{"line":21,"column":27},"end":{"line":24,"column":3}},"7":{"start":{"line":22,"column":14},"end":{"line":22,"column":47}},"8":{"start":{"line":23,"column":4},"end":{"line":23,"column":47}},"9":{"start":{"line":23,"column":20},"end":{"line":23,"column":47}},"10":{"start":{"line":25,"column":2},"end":{"line":49,"column":3}},"11":{"start":{"line":32,"column":14},"end":{"line":38,"column":15}},"12":{"start":{"line":54,"column":15},"end":{"line":70,"column":2}}},"fnMap":{"0":{"name":"(anonymous_0)","decl":{"start":{"line":12,"column":22},"end":{"line":12,"column":23}},"loc":{"start":{"line":12,"column":28},"end":{"line":50,"column":1}},"line":12},"1":{"name":"(anonymous_1)","decl":{"start":{"line":17,"column":12},"end":{"line":17,"column":13}},"loc":{"start":{"line":17,"column":16},"end":{"line":19,"column":3}},"line":17},"2":{"name":"(anonymous_2)","decl":{"start":{"line":21,"column":27},"end":{"line":21,"column":28}},"loc":{"start":{"line":21,"column":37},"end":{"line":24,"column":3}},"line":21},"3":{"name":"(anonymous_3)","decl":{"start":{"line":31,"column":30},"end":{"line":31,"column":31}},"loc":{"start":{"line":31,"column":36},"end":{"line":39,"column":13}},"line":31}},"branchMap":{"0":{"loc":{"start":{"line":23,"column":4},"end":{"line":23,"column":47}},"type":"if","locations":[{"start":{"line":23,"column":4},"end":{"line":23,"column":47}},{"start":{},"end":{}}],"line":23},"1":{"loc":{"start":{"line":42,"column":12},"end":{"line":44,"column":13}},"type":"binary-expr","locations":[{"start":{"line":42,"column":12},"end":{"line":42,"column":37}},{"start":{"line":43,"column":14},"end":{"line":43,"column":69}}],"line":42}},"s":{"0":0,"1":0,"2":0,"3":0,"4":0,"5":0,"6":0,"7":0,"8":0,"9":0,"10":0,"11":0,"12":0},"f":{"0":0,"1":0,"2":0,"3":0},"b":{"0":[0,0],"1":[0,0]}}
,"C:\\Users\\Ramzan Lafir\\REACT_NATIVE\\MyMobileApp\\app\\(main)\\postDetails.jsx": {"path":"C:\\Users\\Ramzan Lafir\\REACT_NATIVE\\MyMobileApp\\app\\(main)\\postDetails.jsx","statementMap":{"0":{"start":{"line":17,"column":20},"end":{"line":196,"column":1}},"1":{"start":{"line":18,"column":32},"end":{"line":18,"column":54}},"2":{"start":{"line":19,"column":19},"end":{"line":19,"column":28}},"3":{"start":{"line":20,"column":19},"end":{"line":20,"column":30}},"4":{"start":{"line":21,"column":44},"end":{"line":21,"column":58}},"5":{"start":{"line":22,"column":21},"end":{"line":22,"column":33}},"6":{"start":{"line":23,"column":23},"end":{"line":23,"column":33}},"7":{"start":{"line":24,"column":34},"end":{"line":24,"column":49}},"8":{"start":{"line":26,"column":28},"end":{"line":26,"column":42}},"9":{"start":{"line":28,"column":29},"end":{"line":40,"column":5}},"10":{"start":{"line":29,"column":8},"end":{"line":39,"column":9}},"11":{"start":{"line":30,"column":29},"end":{"line":30,"column":45}},"12":{"start":{"line":31,"column":22},"end":{"line":31,"column":58}},"13":{"start":{"line":32,"column":12},"end":{"line":32,"column":56}},"14":{"start":{"line":33,"column":12},"end":{"line":38,"column":14}},"15":{"start":{"line":34,"column":16},"end":{"line":37,"column":17}},"16":{"start":{"line":42,"column":4},"end":{"line":58,"column":9}},"17":{"start":{"line":43,"column":29},"end":{"line":51,"column":20}},"18":{"start":{"line":53,"column":8},"end":{"line":53,"column":25}},"19":{"start":{"line":55,"column":8},"end":{"line":57,"column":9}},"20":{"start":{"line":56,"column":12},"end":{"line":56,"column":51}},"21":{"start":{"line":60,"column":27},"end":{"line":64,"column":5}},"22":{"start":{"line":61,"column":18},"end":{"line":61,"column":49}},"23":{"start":{"line":62,"column":8},"end":{"line":62,"column":42}},"24":{"start":{"line":62,"column":24},"end":{"line":62,"column":42}},"25":{"start":{"line":63,"column":8},"end":{"line":63,"column":31}},"26":{"start":{"line":66,"column":25},"end":{"line":91,"column":5}},"27":{"start":{"line":67,"column":8},"end":{"line":67,"column":44}},"28":{"start":{"line":67,"column":32},"end":{"line":67,"column":44}},"29":{"start":{"line":68,"column":18},"end":{"line":72,"column":9}},"30":{"start":{"line":73,"column":8},"end":{"line":73,"column":25}},"31":{"start":{"line":74,"column":18},"end":{"line":74,"column":43}},"32":{"start":{"line":75,"column":8},"end":{"line":75,"column":26}},"33":{"start":{"line":76,"column":8},"end":{"line":90,"column":9}},"34":{"start":{"line":77,"column":12},"end":{"line":85,"column":13}},"35":{"start":{"line":78,"column":28},"end":{"line":83,"column":17}},"36":{"start":{"line":84,"column":16},"end":{"line":84,"column":43}},"37":{"start":{"line":86,"column":12},"end":{"line":86,"column":39}},"38":{"start":{"line":87,"column":12},"end":{"line":87,"column":36}},"39":{"start":{"line":89,"column":12},"end":{"line":89,"column":44}},"40":{"start":{"line":93,"column":28},"end":{"line":105,"column":5}},"41":{"start":{"line":94,"column":8},"end":{"line":94,"column":51}},"42":{"start":{"line":95,"column":18},"end":{"line":95,"column":50}},"43":{"start":{"line":96,"column":8},"end":{"line":104,"column":9}},"44":{"start":{"line":97,"column":12},"end":{"line":101,"column":14}},"45":{"start":{"line":98,"column":34},"end":{"line":98,"column":47}},"46":{"start":{"line":99,"column":16},"end":{"line":99,"column":91}},"47":{"start":{"line":99,"column":71},"end":{"line":99,"column":89}},"48":{"start":{"line":100,"column":16},"end":{"line":100,"column":35}},"49":{"start":{"line":103,"column":12},"end":{"line":103,"column":44}},"50":{"start":{"line":107,"column":25},"end":{"line":114,"column":5}},"51":{"start":{"line":108,"column":17},"end":{"line":108,"column":42}},"52":{"start":{"line":109,"column":7},"end":{"line":113,"column":8}},"53":{"start":{"line":110,"column":8},"end":{"line":110,"column":22}},"54":{"start":{"line":112,"column":8},"end":{"line":112,"column":37}},"55":{"start":{"line":116,"column":23},"end":{"line":119,"column":5}},"56":{"start":{"line":117,"column":8},"end":{"line":117,"column":22}},"57":{"start":{"line":118,"column":8},"end":{"line":118,"column":61}},"58":{"start":{"line":121,"column":4},"end":{"line":127,"column":5}},"59":{"start":{"line":122,"column":8},"end":{"line":126,"column":9}},"60":{"start":{"line":129,"column":4},"end":{"line":135,"column":5}},"61":{"start":{"line":130,"column":8},"end":{"line":134,"column":9}},"62":{"start":{"line":136,"column":2},"end":{"line":195,"column":3}},"63":{"start":{"line":153,"column":42},"end":{"line":153,"column":68}},"64":{"start":{"line":175,"column":24},"end":{"line":181,"column":26}},"65":{"start":{"line":200,"column":15},"end":{"line":241,"column":2}}},"fnMap":{"0":{"name":"(anonymous_0)","decl":{"start":{"line":17,"column":20},"end":{"line":17,"column":21}},"loc":{"start":{"line":17,"column":26},"end":{"line":196,"column":1}},"line":17},"1":{"name":"(anonymous_1)","decl":{"start":{"line":28,"column":29},"end":{"line":28,"column":30}},"loc":{"start":{"line":28,"column":46},"end":{"line":40,"column":5}},"line":28},"2":{"name":"(anonymous_2)","decl":{"start":{"line":33,"column":20},"end":{"line":33,"column":21}},"loc":{"start":{"line":33,"column":30},"end":{"line":38,"column":13}},"line":33},"3":{"name":"(anonymous_3)","decl":{"start":{"line":42,"column":14},"end":{"line":42,"column":15}},"loc":{"start":{"line":42,"column":18},"end":{"line":58,"column":5}},"line":42},"4":{"name":"(anonymous_4)","decl":{"start":{"line":55,"column":15},"end":{"line":55,"column":16}},"loc":{"start":{"line":55,"column":19},"end":{"line":57,"column":9}},"line":55},"5":{"name":"(anonymous_5)","decl":{"start":{"line":60,"column":27},"end":{"line":60,"column":28}},"loc":{"start":{"line":60,"column":37},"end":{"line":64,"column":5}},"line":60},"6":{"name":"(anonymous_6)","decl":{"start":{"line":66,"column":25},"end":{"line":66,"column":26}},"loc":{"start":{"line":66,"column":35},"end":{"line":91,"column":5}},"line":66},"7":{"name":"(anonymous_7)","decl":{"start":{"line":93,"column":28},"end":{"line":93,"column":29}},"loc":{"start":{"line":93,"column":46},"end":{"line":105,"column":5}},"line":93},"8":{"name":"(anonymous_8)","decl":{"start":{"line":97,"column":20},"end":{"line":97,"column":21}},"loc":{"start":{"line":97,"column":30},"end":{"line":101,"column":13}},"line":97},"9":{"name":"(anonymous_9)","decl":{"start":{"line":99,"column":67},"end":{"line":99,"column":68}},"loc":{"start":{"line":99,"column":71},"end":{"line":99,"column":89}},"line":99},"10":{"name":"(anonymous_10)","decl":{"start":{"line":107,"column":25},"end":{"line":107,"column":26}},"loc":{"start":{"line":107,"column":39},"end":{"line":114,"column":5}},"line":107},"11":{"name":"(anonymous_11)","decl":{"start":{"line":116,"column":23},"end":{"line":116,"column":24}},"loc":{"start":{"line":116,"column":37},"end":{"line":119,"column":5}},"line":116},"12":{"name":"(anonymous_12)","decl":{"start":{"line":153,"column":34},"end":{"line":153,"column":35}},"loc":{"start":{"line":153,"column":42},"end":{"line":153,"column":68}},"line":153},"13":{"name":"(anonymous_13)","decl":{"start":{"line":174,"column":40},"end":{"line":174,"column":41}},"loc":{"start":{"line":175,"column":24},"end":{"line":181,"column":26}},"line":175}},"branchMap":{"0":{"loc":{"start":{"line":29,"column":8},"end":{"line":39,"column":9}},"type":"if","locations":[{"start":{"line":29,"column":8},"end":{"line":39,"column":9}},{"start":{},"end":{}}],"line":29},"1":{"loc":{"start":{"line":32,"column":30},"end":{"line":32,"column":55}},"type":"cond-expr","locations":[{"start":{"line":32,"column":43},"end":{"line":32,"column":51}},{"start":{"line":32,"column":53},"end":{"line":32,"column":55}}],"line":32},"2":{"loc":{"start":{"line":62,"column":8},"end":{"line":62,"column":42}},"type":"if","locations":[{"start":{"line":62,"column":8},"end":{"line":62,"column":42}},{"start":{},"end":{}}],"line":62},"3":{"loc":{"start":{"line":67,"column":8},"end":{"line":67,"column":44}},"type":"if","locations":[{"start":{"line":67,"column":8},"end":{"line":67,"column":44}},{"start":{},"end":{}}],"line":67},"4":{"loc":{"start":{"line":76,"column":8},"end":{"line":90,"column":9}},"type":"if","locations":[{"start":{"line":76,"column":8},"end":{"line":90,"column":9}},{"start":{"line":88,"column":13},"end":{"line":90,"column":9}}],"line":76},"5":{"loc":{"start":{"line":77,"column":12},"end":{"line":85,"column":13}},"type":"if","locations":[{"start":{"line":77,"column":12},"end":{"line":85,"column":13}},{"start":{},"end":{}}],"line":77},"6":{"loc":{"start":{"line":96,"column":8},"end":{"line":104,"column":9}},"type":"if","locations":[{"start":{"line":96,"column":8},"end":{"line":104,"column":9}},{"start":{"line":102,"column":13},"end":{"line":104,"column":9}}],"line":96},"7":{"loc":{"start":{"line":109,"column":7},"end":{"line":113,"column":8}},"type":"if","locations":[{"start":{"line":109,"column":7},"end":{"line":113,"column":8}},{"start":{"line":111,"column":12},"end":{"line":113,"column":8}}],"line":109},"8":{"loc":{"start":{"line":121,"column":4},"end":{"line":127,"column":5}},"type":"if","locations":[{"start":{"line":121,"column":4},"end":{"line":127,"column":5}},{"start":{},"end":{}}],"line":121},"9":{"loc":{"start":{"line":129,"column":4},"end":{"line":135,"column":5}},"type":"if","locations":[{"start":{"line":129,"column":4},"end":{"line":135,"column":5}},{"start":{},"end":{}}],"line":129},"10":{"loc":{"start":{"line":159,"column":20},"end":{"line":167,"column":21}},"type":"cond-expr","locations":[{"start":{"line":160,"column":24},"end":{"line":162,"column":31}},{"start":{"line":164,"column":24},"end":{"line":166,"column":43}}],"line":159},"11":{"loc":{"start":{"line":180,"column":41},"end":{"line":180,"column":92}},"type":"binary-expr","locations":[{"start":{"line":180,"column":41},"end":{"line":180,"column":66}},{"start":{"line":180,"column":70},"end":{"line":180,"column":92}}],"line":180},"12":{"loc":{"start":{"line":185,"column":20},"end":{"line":189,"column":21}},"type":"binary-expr","locations":[{"start":{"line":185,"column":20},"end":{"line":185,"column":45}},{"start":{"line":186,"column":24},"end":{"line":188,"column":31}}],"line":185}},"s":{"0":0,"1":0,"2":0,"3":0,"4":0,"5":0,"6":0,"7":0,"8":0,"9":0,"10":0,"11":0,"12":0,"13":0,"14":0,"15":0,"16":0,"17":0,"18":0,"19":0,"20":0,"21":0,"22":0,"23":0,"24":0,"25":0,"26":0,"27":0,"28":0,"29":0,"30":0,"31":0,"32":0,"33":0,"34":0,"35":0,"36":0,"37":0,"38":0,"39":0,"40":0,"41":0,"42":0,"43":0,"44":0,"45":0,"46":0,"47":0,"48":0,"49":0,"50":0,"51":0,"52":0,"53":0,"54":0,"55":0,"56":0,"57":0,"58":0,"59":0,"60":0,"61":0,"62":0,"63":0,"64":0,"65":0},"f":{"0":0,"1":0,"2":0,"3":0,"4":0,"5":0,"6":0,"7":0,"8":0,"9":0,"10":0,"11":0,"12":0,"13":0},"b":{"0":[0,0],"1":[0,0],"2":[0,0],"3":[0,0],"4":[0,0],"5":[0,0],"6":[0,0],"7":[0,0],"8":[0,0],"9":[0,0],"10":[0,0],"11":[0,0],"12":[0,0]}}
,"C:\\Users\\Ramzan Lafir\\REACT_NATIVE\\MyMobileApp\\app\\(main)\\profile.jsx": {"path":"C:\\Users\\Ramzan Lafir\\REACT_NATIVE\\MyMobileApp\\app\\(main)\\profile.jsx","statementMap":{"0":{"start":{"line":16,"column":12},"end":{"line":16,"column":13}},"1":{"start":{"line":17,"column":16},"end":{"line":94,"column":1}},"2":{"start":{"line":18,"column":28},"end":{"line":18,"column":37}},"3":{"start":{"line":19,"column":19},"end":{"line":19,"column":30}},"4":{"start":{"line":20,"column":30},"end":{"line":20,"column":42}},"5":{"start":{"line":21,"column":34},"end":{"line":21,"column":48}},"6":{"start":{"line":23,"column":21},"end":{"line":29,"column":5}},"7":{"start":{"line":25,"column":24},"end":{"line":25,"column":53}},"8":{"start":{"line":26,"column":8},"end":{"line":28,"column":9}},"9":{"start":{"line":27,"column":12},"end":{"line":27,"column":57}},"10":{"start":{"line":31,"column":21},"end":{"line":45,"column":5}},"11":{"start":{"line":33,"column":8},"end":{"line":33,"column":33}},"12":{"start":{"line":33,"column":21},"end":{"line":33,"column":33}},"13":{"start":{"line":34,"column":8},"end":{"line":34,"column":27}},"14":{"start":{"line":36,"column":18},"end":{"line":36,"column":50}},"15":{"start":{"line":41,"column":8},"end":{"line":44,"column":9}},"16":{"start":{"line":42,"column":12},"end":{"line":42,"column":64}},"17":{"start":{"line":42,"column":46},"end":{"line":42,"column":64}},"18":{"start":{"line":43,"column":12},"end":{"line":43,"column":31}},"19":{"start":{"line":47,"column":25},"end":{"line":60,"column":5}},"20":{"start":{"line":48,"column":8},"end":{"line":59,"column":10}},"21":{"start":{"line":51,"column":30},"end":{"line":51,"column":60}},"22":{"start":{"line":56,"column":30},"end":{"line":56,"column":40}},"23":{"start":{"line":62,"column":2},"end":{"line":93,"column":3}},"24":{"start":{"line":70,"column":33},"end":{"line":70,"column":51}},"25":{"start":{"line":71,"column":35},"end":{"line":75,"column":18}},"26":{"start":{"line":78,"column":16},"end":{"line":78,"column":27}},"27":{"start":{"line":79,"column":16},"end":{"line":79,"column":46}},"28":{"start":{"line":96,"column":19},"end":{"line":154,"column":1}},"29":{"start":{"line":97,"column":4},"end":{"line":153,"column":5}},"30":{"start":{"line":114,"column":73},"end":{"line":114,"column":99}},"31":{"start":{"line":158,"column":15},"end":{"line":219,"column":2}}},"fnMap":{"0":{"name":"(anonymous_0)","decl":{"start":{"line":17,"column":16},"end":{"line":17,"column":17}},"loc":{"start":{"line":17,"column":22},"end":{"line":94,"column":1}},"line":17},"1":{"name":"(anonymous_1)","decl":{"start":{"line":23,"column":21},"end":{"line":23,"column":22}},"loc":{"start":{"line":23,"column":31},"end":{"line":29,"column":5}},"line":23},"2":{"name":"(anonymous_2)","decl":{"start":{"line":31,"column":21},"end":{"line":31,"column":22}},"loc":{"start":{"line":31,"column":31},"end":{"line":45,"column":5}},"line":31},"3":{"name":"(anonymous_3)","decl":{"start":{"line":47,"column":25},"end":{"line":47,"column":26}},"loc":{"start":{"line":47,"column":35},"end":{"line":60,"column":5}},"line":47},"4":{"name":"(anonymous_4)","decl":{"start":{"line":51,"column":25},"end":{"line":51,"column":26}},"loc":{"start":{"line":51,"column":30},"end":{"line":51,"column":60}},"line":51},"5":{"name":"(anonymous_5)","decl":{"start":{"line":56,"column":25},"end":{"line":56,"column":26}},"loc":{"start":{"line":56,"column":30},"end":{"line":56,"column":40}},"line":56},"6":{"name":"(anonymous_6)","decl":{"start":{"line":70,"column":26},"end":{"line":70,"column":27}},"loc":{"start":{"line":70,"column":33},"end":{"line":70,"column":51}},"line":70},"7":{"name":"(anonymous_7)","decl":{"start":{"line":71,"column":24},"end":{"line":71,"column":25}},"loc":{"start":{"line":71,"column":35},"end":{"line":75,"column":18}},"line":71},"8":{"name":"(anonymous_8)","decl":{"start":{"line":77,"column":26},"end":{"line":77,"column":27}},"loc":{"start":{"line":77,"column":30},"end":{"line":80,"column":13}},"line":77},"9":{"name":"(anonymous_9)","decl":{"start":{"line":96,"column":19},"end":{"line":96,"column":20}},"loc":{"start":{"line":96,"column":53},"end":{"line":154,"column":1}},"line":96},"10":{"name":"(anonymous_10)","decl":{"start":{"line":114,"column":68},"end":{"line":114,"column":69}},"loc":{"start":{"line":114,"column":73},"end":{"line":114,"column":99}},"line":114}},"branchMap":{"0":{"loc":{"start":{"line":26,"column":8},"end":{"line":28,"column":9}},"type":"if","locations":[{"start":{"line":26,"column":8},"end":{"line":28,"column":9}},{"start":{},"end":{}}],"line":26},"1":{"loc":{"start":{"line":33,"column":8},"end":{"line":33,"column":33}},"type":"if","locations":[{"start":{"line":33,"column":8},"end":{"line":33,"column":33}},{"start":{},"end":{}}],"line":33},"2":{"loc":{"start":{"line":41,"column":8},"end":{"line":44,"column":9}},"type":"if","locations":[{"start":{"line":41,"column":8},"end":{"line":44,"column":9}},{"start":{},"end":{}}],"line":41},"3":{"loc":{"start":{"line":42,"column":12},"end":{"line":42,"column":64}},"type":"if","locations":[{"start":{"line":42,"column":12},"end":{"line":42,"column":64}},{"start":{},"end":{}}],"line":42},"4":{"loc":{"start":{"line":82,"column":33},"end":{"line":90,"column":13}},"type":"cond-expr","locations":[{"start":{"line":83,"column":16},"end":{"line":85,"column":23}},{"start":{"line":87,"column":16},"end":{"line":89,"column":23}}],"line":82},"5":{"loc":{"start":{"line":83,"column":46},"end":{"line":83,"column":70}},"type":"cond-expr","locations":[{"start":{"line":83,"column":63},"end":{"line":83,"column":66}},{"start":{"line":83,"column":68},"end":{"line":83,"column":70}}],"line":83},"6":{"loc":{"start":{"line":121,"column":55},"end":{"line":121,"column":72}},"type":"binary-expr","locations":[{"start":{"line":121,"column":55},"end":{"line":121,"column":59}},{"start":{"line":121,"column":63},"end":{"line":121,"column":72}}],"line":121},"7":{"loc":{"start":{"line":122,"column":55},"end":{"line":122,"column":75}},"type":"binary-expr","locations":[{"start":{"line":122,"column":55},"end":{"line":122,"column":59}},{"start":{"line":122,"column":63},"end":{"line":122,"column":75}}],"line":122},"8":{"loc":{"start":{"line":129,"column":33},"end":{"line":129,"column":51}},"type":"binary-expr","locations":[{"start":{"line":129,"column":33},"end":{"line":129,"column":37}},{"start":{"line":129,"column":41},"end":{"line":129,"column":51}}],"line":129},"9":{"loc":{"start":{"line":133,"column":28},"end":{"line":140,"column":29}},"type":"binary-expr","locations":[{"start":{"line":133,"column":28},"end":{"line":133,"column":32}},{"start":{"line":133,"column":36},"end":{"line":133,"column":52}},{"start":{"line":134,"column":32},"end":{"line":139,"column":39}}],"line":133},"10":{"loc":{"start":{"line":137,"column":41},"end":{"line":137,"column":65}},"type":"binary-expr","locations":[{"start":{"line":137,"column":41},"end":{"line":137,"column":45}},{"start":{"line":137,"column":49},"end":{"line":137,"column":65}}],"line":137},"11":{"loc":{"start":{"line":143,"column":28},"end":{"line":145,"column":29}},"type":"binary-expr","locations":[{"start":{"line":143,"column":28},"end":{"line":143,"column":32}},{"start":{"line":143,"column":36},"end":{"line":143,"column":44}},{"start":{"line":144,"column":32},"end":{"line":144,"column":79}}],"line":143}},"s":{"0":0,"1":0,"2":0,"3":0,"4":0,"5":0,"6":0,"7":0,"8":0,"9":0,"10":0,"11":0,"12":0,"13":0,"14":0,"15":0,"16":0,"17":0,"18":0,"19":0,"20":0,"21":0,"22":0,"23":0,"24":0,"25":0,"26":0,"27":0,"28":0,"29":0,"30":0,"31":0},"f":{"0":0,"1":0,"2":0,"3":0,"4":0,"5":0,"6":0,"7":0,"8":0,"9":0,"10":0},"b":{"0":[0,0],"1":[0,0],"2":[0,0],"3":[0,0],"4":[0,0],"5":[0,0],"6":[0,0],"7":[0,0],"8":[0,0],"9":[0,0,0],"10":[0,0],"11":[0,0,0]}}
,"C:\\Users\\Ramzan Lafir\\REACT_NATIVE\\MyMobileApp\\assets\\icons\\ArrowLeft.jsx": {"path":"C:\\Users\\Ramzan Lafir\\REACT_NATIVE\\MyMobileApp\\assets\\icons\\ArrowLeft.jsx","statementMap":{"0":{"start":{"line":4,"column":18},"end":{"line":8,"column":1}},"1":{"start":{"line":5,"column":2},"end":{"line":7,"column":8}}},"fnMap":{"0":{"name":"(anonymous_0)","decl":{"start":{"line":4,"column":18},"end":{"line":4,"column":19}},"loc":{"start":{"line":5,"column":2},"end":{"line":7,"column":8}},"line":5}},"branchMap":{},"s":{"0":5,"1":24},"f":{"0":24},"b":{},"_coverageSchema":"1a1c01bbd47fc00a2c39e90264f33305004495a9","hash":"9a90b00b06ee10020bc1583b45fb3b19bdf2811b"}
,"C:\\Users\\Ramzan Lafir\\REACT_NATIVE\\MyMobileApp\\assets\\icons\\Call.jsx": {"path":"C:\\Users\\Ramzan Lafir\\REACT_NATIVE\\MyMobileApp\\assets\\icons\\Call.jsx","statementMap":{"0":{"start":{"line":4,"column":13},"end":{"line":8,"column":1}},"1":{"start":{"line":5,"column":2},"end":{"line":7,"column":8}}},"fnMap":{"0":{"name":"(anonymous_0)","decl":{"start":{"line":4,"column":13},"end":{"line":4,"column":14}},"loc":{"start":{"line":5,"column":2},"end":{"line":7,"column":8}},"line":5}},"branchMap":{},"s":{"0":5,"1":10},"f":{"0":10},"b":{},"_coverageSchema":"1a1c01bbd47fc00a2c39e90264f33305004495a9","hash":"8fb4b955ac5c6b96fc8eff3f13b8c9e286a75150"}
,"C:\\Users\\Ramzan Lafir\\REACT_NATIVE\\MyMobileApp\\assets\\icons\\Camera.jsx": {"path":"C:\\Users\\Ramzan Lafir\\REACT_NATIVE\\MyMobileApp\\assets\\icons\\Camera.jsx","statementMap":{"0":{"start":{"line":4,"column":15},"end":{"line":11,"column":1}},"1":{"start":{"line":5,"column":2},"end":{"line":10,"column":8}}},"fnMap":{"0":{"name":"(anonymous_0)","decl":{"start":{"line":4,"column":15},"end":{"line":4,"column":16}},"loc":{"start":{"line":5,"column":2},"end":{"line":10,"column":8}},"line":5}},"branchMap":{},"s":{"0":5,"1":10},"f":{"0":10},"b":{},"_coverageSchema":"1a1c01bbd47fc00a2c39e90264f33305004495a9","hash":"617c5d56d78ac84a482c05816d7d46bf01b4c87a"}
,"C:\\Users\\Ramzan Lafir\\REACT_NATIVE\\MyMobileApp\\assets\\icons\\Comment.jsx": {"path":"C:\\Users\\Ramzan Lafir\\REACT_NATIVE\\MyMobileApp\\assets\\icons\\Comment.jsx","statementMap":{"0":{"start":{"line":4,"column":16},"end":{"line":9,"column":1}},"1":{"start":{"line":5,"column":2},"end":{"line":8,"column":8}}},"fnMap":{"0":{"name":"(anonymous_0)","decl":{"start":{"line":4,"column":16},"end":{"line":4,"column":17}},"loc":{"start":{"line":5,"column":2},"end":{"line":8,"column":8}},"line":5}},"branchMap":{},"s":{"0":5,"1":0},"f":{"0":0},"b":{},"_coverageSchema":"1a1c01bbd47fc00a2c39e90264f33305004495a9","hash":"8bd0c91f9e9a65d64e8e691f0ff10af21ac074b1"}
,"C:\\Users\\Ramzan Lafir\\REACT_NATIVE\\MyMobileApp\\assets\\icons\\Delete.jsx": {"path":"C:\\Users\\Ramzan Lafir\\REACT_NATIVE\\MyMobileApp\\assets\\icons\\Delete.jsx","statementMap":{"0":{"start":{"line":4,"column":15},"end":{"line":11,"column":1}},"1":{"start":{"line":5,"column":2},"end":{"line":10,"column":8}}},"fnMap":{"0":{"name":"(anonymous_0)","decl":{"start":{"line":4,"column":15},"end":{"line":4,"column":16}},"loc":{"start":{"line":5,"column":2},"end":{"line":10,"column":8}},"line":5}},"branchMap":{},"s":{"0":5,"1":0},"f":{"0":0},"b":{},"_coverageSchema":"1a1c01bbd47fc00a2c39e90264f33305004495a9","hash":"44cfc539c8c2d727fdc4ccc1a50e689808ad9e5a"}
,"C:\\Users\\Ramzan Lafir\\REACT_NATIVE\\MyMobileApp\\assets\\icons\\Edit.jsx": {"path":"C:\\Users\\Ramzan Lafir\\REACT_NATIVE\\MyMobileApp\\assets\\icons\\Edit.jsx","statementMap":{"0":{"start":{"line":4,"column":13},"end":{"line":9,"column":1}},"1":{"start":{"line":5,"column":2},"end":{"line":8,"column":8}}},"fnMap":{"0":{"name":"(anonymous_0)","decl":{"start":{"line":4,"column":13},"end":{"line":4,"column":14}},"loc":{"start":{"line":5,"column":2},"end":{"line":8,"column":8}},"line":5}},"branchMap":{},"s":{"0":5,"1":0},"f":{"0":0},"b":{},"_coverageSchema":"1a1c01bbd47fc00a2c39e90264f33305004495a9","hash":"9c0238b7e2da2f6e9623b115381e69b78f434fa4"}
,"C:\\Users\\Ramzan Lafir\\REACT_NATIVE\\MyMobileApp\\assets\\icons\\Heart.jsx": {"path":"C:\\Users\\Ramzan Lafir\\REACT_NATIVE\\MyMobileApp\\assets\\icons\\Heart.jsx","statementMap":{"0":{"start":{"line":5,"column":14},"end":{"line":9,"column":3}},"1":{"start":{"line":6,"column":4},"end":{"line":8,"column":10}}},"fnMap":{"0":{"name":"(anonymous_0)","decl":{"start":{"line":5,"column":14},"end":{"line":5,"column":15}},"loc":{"start":{"line":6,"column":4},"end":{"line":8,"column":10}},"line":6}},"branchMap":{},"s":{"0":5,"1":1},"f":{"0":1},"b":{},"_coverageSchema":"1a1c01bbd47fc00a2c39e90264f33305004495a9","hash":"87aa8e4ae819486adfb8db7e69f7790105bc21b0"}
,"C:\\Users\\Ramzan Lafir\\REACT_NATIVE\\MyMobileApp\\assets\\icons\\Home.jsx": {"path":"C:\\Users\\Ramzan Lafir\\REACT_NATIVE\\MyMobileApp\\assets\\icons\\Home.jsx","statementMap":{"0":{"start":{"line":4,"column":13},"end":{"line":9,"column":1}},"1":{"start":{"line":5,"column":2},"end":{"line":8,"column":8}}},"fnMap":{"0":{"name":"(anonymous_0)","decl":{"start":{"line":4,"column":13},"end":{"line":4,"column":14}},"loc":{"start":{"line":5,"column":2},"end":{"line":8,"column":8}},"line":5}},"branchMap":{},"s":{"0":5,"1":0},"f":{"0":0},"b":{},"_coverageSchema":"1a1c01bbd47fc00a2c39e90264f33305004495a9","hash":"e1c2e59c855904ebf6156ef0be6060a0d478e76c"}
,"C:\\Users\\Ramzan Lafir\\REACT_NATIVE\\MyMobileApp\\assets\\icons\\Image.jsx": {"path":"C:\\Users\\Ramzan Lafir\\REACT_NATIVE\\MyMobileApp\\assets\\icons\\Image.jsx","statementMap":{"0":{"start":{"line":4,"column":14},"end":{"line":11,"column":1}},"1":{"start":{"line":5,"column":2},"end":{"line":10,"column":8}}},"fnMap":{"0":{"name":"(anonymous_0)","decl":{"start":{"line":4,"column":14},"end":{"line":4,"column":15}},"loc":{"start":{"line":5,"column":2},"end":{"line":10,"column":8}},"line":5}},"branchMap":{},"s":{"0":5,"1":3},"f":{"0":3},"b":{},"_coverageSchema":"1a1c01bbd47fc00a2c39e90264f33305004495a9","hash":"3610c0d8ed04c6eb88eea360a25b1a4d1413c969"}
,"C:\\Users\\Ramzan Lafir\\REACT_NATIVE\\MyMobileApp\\assets\\icons\\Location.jsx": {"path":"C:\\Users\\Ramzan Lafir\\REACT_NATIVE\\MyMobileApp\\assets\\icons\\Location.jsx","statementMap":{"0":{"start":{"line":4,"column":17},"end":{"line":9,"column":1}},"1":{"start":{"line":5,"column":2},"end":{"line":8,"column":8}}},"fnMap":{"0":{"name":"(anonymous_0)","decl":{"start":{"line":4,"column":17},"end":{"line":4,"column":18}},"loc":{"start":{"line":5,"column":2},"end":{"line":8,"column":8}},"line":5}},"branchMap":{},"s":{"0":5,"1":10},"f":{"0":10},"b":{},"_coverageSchema":"1a1c01bbd47fc00a2c39e90264f33305004495a9","hash":"036dea2470c6fe3ac69d5e3971a05b18b29852ed"}
,"C:\\Users\\Ramzan Lafir\\REACT_NATIVE\\MyMobileApp\\assets\\icons\\Lock.jsx": {"path":"C:\\Users\\Ramzan Lafir\\REACT_NATIVE\\MyMobileApp\\assets\\icons\\Lock.jsx","statementMap":{"0":{"start":{"line":4,"column":13},"end":{"line":10,"column":1}},"1":{"start":{"line":5,"column":2},"end":{"line":9,"column":8}}},"fnMap":{"0":{"name":"(anonymous_0)","decl":{"start":{"line":4,"column":13},"end":{"line":4,"column":14}},"loc":{"start":{"line":5,"column":2},"end":{"line":9,"column":8}},"line":5}},"branchMap":{},"s":{"0":5,"1":11},"f":{"0":11},"b":{},"_coverageSchema":"1a1c01bbd47fc00a2c39e90264f33305004495a9","hash":"0ddfa7b7b9a2111415d6b7c34921602a48a8cfea"}
,"C:\\Users\\Ramzan Lafir\\REACT_NATIVE\\MyMobileApp\\assets\\icons\\Mail.jsx": {"path":"C:\\Users\\Ramzan Lafir\\REACT_NATIVE\\MyMobileApp\\assets\\icons\\Mail.jsx","statementMap":{"0":{"start":{"line":4,"column":13},"end":{"line":9,"column":1}},"1":{"start":{"line":5,"column":2},"end":{"line":8,"column":8}}},"fnMap":{"0":{"name":"(anonymous_0)","decl":{"start":{"line":4,"column":13},"end":{"line":4,"column":14}},"loc":{"start":{"line":5,"column":2},"end":{"line":8,"column":8}},"line":5}},"branchMap":{},"s":{"0":5,"1":11},"f":{"0":11},"b":{},"_coverageSchema":"1a1c01bbd47fc00a2c39e90264f33305004495a9","hash":"ea7c9c40e2edef82f2c7655de030aa9e349b696e"}
,"C:\\Users\\Ramzan Lafir\\REACT_NATIVE\\MyMobileApp\\assets\\icons\\Plus.jsx": {"path":"C:\\Users\\Ramzan Lafir\\REACT_NATIVE\\MyMobileApp\\assets\\icons\\Plus.jsx","statementMap":{"0":{"start":{"line":5,"column":13},"end":{"line":10,"column":3}},"1":{"start":{"line":6,"column":4},"end":{"line":9,"column":10}}},"fnMap":{"0":{"name":"(anonymous_0)","decl":{"start":{"line":5,"column":13},"end":{"line":5,"column":14}},"loc":{"start":{"line":6,"column":4},"end":{"line":9,"column":10}},"line":6}},"branchMap":{},"s":{"0":5,"1":1},"f":{"0":1},"b":{},"_coverageSchema":"1a1c01bbd47fc00a2c39e90264f33305004495a9","hash":"acc61beb6f2c6dd1ad4ebe0d43ff56b1792f2b4c"}
,"C:\\Users\\Ramzan Lafir\\REACT_NATIVE\\MyMobileApp\\assets\\icons\\Search.jsx": {"path":"C:\\Users\\Ramzan Lafir\\REACT_NATIVE\\MyMobileApp\\assets\\icons\\Search.jsx","statementMap":{"0":{"start":{"line":5,"column":15},"end":{"line":10,"column":3}},"1":{"start":{"line":6,"column":4},"end":{"line":9,"column":10}}},"fnMap":{"0":{"name":"(anonymous_0)","decl":{"start":{"line":5,"column":15},"end":{"line":5,"column":16}},"loc":{"start":{"line":6,"column":4},"end":{"line":9,"column":10}},"line":6}},"branchMap":{},"s":{"0":5,"1":0},"f":{"0":0},"b":{},"_coverageSchema":"1a1c01bbd47fc00a2c39e90264f33305004495a9","hash":"211e2e9b5a25a96723ca4fe85b2bea3bc6fd4076"}
,"C:\\Users\\Ramzan Lafir\\REACT_NATIVE\\MyMobileApp\\assets\\icons\\Send.jsx": {"path":"C:\\Users\\Ramzan Lafir\\REACT_NATIVE\\MyMobileApp\\assets\\icons\\Send.jsx","statementMap":{"0":{"start":{"line":4,"column":13},"end":{"line":9,"column":1}},"1":{"start":{"line":5,"column":2},"end":{"line":8,"column":8}}},"fnMap":{"0":{"name":"(anonymous_0)","decl":{"start":{"line":4,"column":13},"end":{"line":4,"column":14}},"loc":{"start":{"line":5,"column":2},"end":{"line":8,"column":8}},"line":5}},"branchMap":{},"s":{"0":5,"1":0},"f":{"0":0},"b":{},"_coverageSchema":"1a1c01bbd47fc00a2c39e90264f33305004495a9","hash":"457c7f5db1bf5ed3134bb02fae80e9111a88804d"}
,"C:\\Users\\Ramzan Lafir\\REACT_NATIVE\\MyMobileApp\\assets\\icons\\Share.jsx": {"path":"C:\\Users\\Ramzan Lafir\\REACT_NATIVE\\MyMobileApp\\assets\\icons\\Share.jsx","statementMap":{"0":{"start":{"line":4,"column":14},"end":{"line":9,"column":1}},"1":{"start":{"line":5,"column":2},"end":{"line":8,"column":8}}},"fnMap":{"0":{"name":"(anonymous_0)","decl":{"start":{"line":4,"column":14},"end":{"line":4,"column":15}},"loc":{"start":{"line":5,"column":2},"end":{"line":8,"column":8}},"line":5}},"branchMap":{},"s":{"0":5,"1":0},"f":{"0":0},"b":{},"_coverageSchema":"1a1c01bbd47fc00a2c39e90264f33305004495a9","hash":"8ce5ae5c2bf87e2173bb1cd1cd708f33e148af1d"}
,"C:\\Users\\Ramzan Lafir\\REACT_NATIVE\\MyMobileApp\\assets\\icons\\ThreeDotsCircle.jsx": {"path":"C:\\Users\\Ramzan Lafir\\REACT_NATIVE\\MyMobileApp\\assets\\icons\\ThreeDotsCircle.jsx","statementMap":{"0":{"start":{"line":4,"column":24},"end":{"line":11,"column":1}},"1":{"start":{"line":5,"column":2},"end":{"line":10,"column":8}}},"fnMap":{"0":{"name":"(anonymous_0)","decl":{"start":{"line":4,"column":24},"end":{"line":4,"column":25}},"loc":{"start":{"line":5,"column":2},"end":{"line":10,"column":8}},"line":5}},"branchMap":{},"s":{"0":5,"1":0},"f":{"0":0},"b":{},"_coverageSchema":"1a1c01bbd47fc00a2c39e90264f33305004495a9","hash":"31a7a41e2138ffebeff7497fd96e73c7ad10586d"}
,"C:\\Users\\Ramzan Lafir\\REACT_NATIVE\\MyMobileApp\\assets\\icons\\ThreeDotsHorizontal.jsx": {"path":"C:\\Users\\Ramzan Lafir\\REACT_NATIVE\\MyMobileApp\\assets\\icons\\ThreeDotsHorizontal.jsx","statementMap":{"0":{"start":{"line":4,"column":28},"end":{"line":10,"column":1}},"1":{"start":{"line":5,"column":2},"end":{"line":9,"column":8}}},"fnMap":{"0":{"name":"(anonymous_0)","decl":{"start":{"line":4,"column":28},"end":{"line":4,"column":29}},"loc":{"start":{"line":5,"column":2},"end":{"line":9,"column":8}},"line":5}},"branchMap":{},"s":{"0":5,"1":0},"f":{"0":0},"b":{},"_coverageSchema":"1a1c01bbd47fc00a2c39e90264f33305004495a9","hash":"8bbc7125272b4cbfe314a30a1b953aef9f03780e"}
,"C:\\Users\\Ramzan Lafir\\REACT_NATIVE\\MyMobileApp\\assets\\icons\\User.jsx": {"path":"C:\\Users\\Ramzan Lafir\\REACT_NATIVE\\MyMobileApp\\assets\\icons\\User.jsx","statementMap":{"0":{"start":{"line":4,"column":13},"end":{"line":9,"column":1}},"1":{"start":{"line":5,"column":2},"end":{"line":8,"column":8}}},"fnMap":{"0":{"name":"(anonymous_0)","decl":{"start":{"line":4,"column":13},"end":{"line":4,"column":14}},"loc":{"start":{"line":5,"column":2},"end":{"line":8,"column":8}},"line":5}},"branchMap":{},"s":{"0":5,"1":14},"f":{"0":14},"b":{},"_coverageSchema":"1a1c01bbd47fc00a2c39e90264f33305004495a9","hash":"826fd56fc3610e9527ef65962721e77305870087"}
,"C:\\Users\\Ramzan Lafir\\REACT_NATIVE\\MyMobileApp\\assets\\icons\\Video.jsx": {"path":"C:\\Users\\Ramzan Lafir\\REACT_NATIVE\\MyMobileApp\\assets\\icons\\Video.jsx","statementMap":{"0":{"start":{"line":4,"column":14},"end":{"line":10,"column":1}},"1":{"start":{"line":5,"column":2},"end":{"line":9,"column":8}}},"fnMap":{"0":{"name":"(anonymous_0)","decl":{"start":{"line":4,"column":14},"end":{"line":4,"column":15}},"loc":{"start":{"line":5,"column":2},"end":{"line":9,"column":8}},"line":5}},"branchMap":{},"s":{"0":5,"1":3},"f":{"0":3},"b":{},"_coverageSchema":"1a1c01bbd47fc00a2c39e90264f33305004495a9","hash":"f48cc59c00a28d5c0897a72b88bea539c088e630"}
[...]
umn":4},"end":{"line":60,"column":5}},"18":{"start":{"line":37,"column":23},"end":{"line":37,"column":55}},"19":{"start":{"line":38,"column":27},"end":{"line":40,"column":10}},"20":{"start":{"line":41,"column":24},"end":{"line":41,"column":42}},"21":{"start":{"line":42,"column":28},"end":{"line":49,"column":10}},"22":{"start":{"line":50,"column":8},"end":{"line":53,"column":9}},"23":{"start":{"line":51,"column":12},"end":{"line":51,"column":54}},"24":{"start":{"line":52,"column":12},"end":{"line":52,"column":67}},"25":{"start":{"line":55,"column":8},"end":{"line":55,"column":47}},"26":{"start":{"line":58,"column":8},"end":{"line":58,"column":50}},"27":{"start":{"line":59,"column":8},"end":{"line":59,"column":63}},"28":{"start":{"line":63,"column":27},"end":{"line":65,"column":1}},"29":{"start":{"line":64,"column":4},"end":{"line":64,"column":80}}},"fnMap":{"0":{"name":"(anonymous_0)","decl":{"start":{"line":6,"column":31},"end":{"line":6,"column":32}},"loc":{"start":{"line":6,"column":44},"end":{"line":12,"column":1}},"line":6},"1":{"name":"(anonymous_1)","decl":{"start":{"line":14,"column":34},"end":{"line":14,"column":35}},"loc":{"start":{"line":14,"column":46},"end":{"line":19,"column":1}},"line":14},"2":{"name":"(anonymous_2)","decl":{"start":{"line":21,"column":28},"end":{"line":21,"column":29}},"loc":{"start":{"line":21,"column":41},"end":{"line":28,"column":1}},"line":21},"3":{"name":"(anonymous_3)","decl":{"start":{"line":30,"column":32},"end":{"line":30,"column":33}},"loc":{"start":{"line":30,"column":43},"end":{"line":33,"column":1}},"line":30},"4":{"name":"(anonymous_4)","decl":{"start":{"line":35,"column":26},"end":{"line":35,"column":27}},"loc":{"start":{"line":35,"column":69},"end":{"line":61,"column":1}},"line":35},"5":{"name":"(anonymous_5)","decl":{"start":{"line":63,"column":27},"end":{"line":63,"column":28}},"loc":{"start":{"line":63,"column":50},"end":{"line":65,"column":1}},"line":63}},"branchMap":{"0":{"loc":{"start":{"line":7,"column":4},"end":{"line":11,"column":5}},"type":"if","locations":[{"start":{"line":7,"column":4},"end":{"line":11,"column":5}},{"start":{"line":9,"column":9},"end":{"line":11,"column":5}}],"line":7},"1":{"loc":{"start":{"line":15,"column":4},"end":{"line":17,"column":5}},"type":"if","locations":[{"start":{"line":15,"column":4},"end":{"line":17,"column":5}},{"start":{},"end":{}}],"line":15},"2":{"loc":{"start":{"line":35,"column":54},"end":{"line":35,"column":66}},"type":"default-arg","locations":[{"start":{"line":35,"column":62},"end":{"line":35,"column":66}}],"line":35},"3":{"loc":{"start":{"line":48,"column":25},"end":{"line":48,"column":54}},"type":"cond-expr","locations":[{"start":{"line":48,"column":34},"end":{"line":48,"column":43}},{"start":{"line":48,"column":45},"end":{"line":48,"column":54}}],"line":48},"4":{"loc":{"start":{"line":50,"column":8},"end":{"line":53,"column":9}},"type":"if","locations":[{"start":{"line":50,"column":8},"end":{"line":53,"column":9}},{"start":{},"end":{}}],"line":50},"5":{"loc":{"start":{"line":64,"column":54},"end":{"line":64,"column":77}},"type":"cond-expr","locations":[{"start":{"line":64,"column":63},"end":{"line":64,"column":69}},{"start":{"line":64,"column":71},"end":{"line":64,"column":77}}],"line":64}},"s":{"0":4,"1":16,"2":6,"3":10,"4":4,"5":8,"6":7,"7":1,"8":4,"9":2,"10":2,"11":1,"12":1,"13":4,"14":3,"15":3,"16":4,"17":0,"18":0,"19":0,"20":0,"21":0,"22":0,"23":0,"24":0,"25":0,"26":0,"27":0,"28":4,"29":2},"f":{"0":16,"1":8,"2":2,"3":3,"4":0,"5":2},"b":{"0":[6,10],"1":[7,1],"2":[0],"3":[0,0],"4":[0,0],"5":[1,1]},"_coverageSchema":"1a1c01bbd47fc00a2c39e90264f33305004495a9","hash":"b4392842981589f39ca5f452ab9060a7e1a8be78"}
,"C:\\Users\\Ramzan Lafir\\REACT_NATIVE\\MyMobileApp\\services\\notificationService.js": {"path":"C:\\Users\\Ramzan Lafir\\REACT_NATIVE\\MyMobileApp\\services\\notificationService.js","statementMap":{"0":{"start":{"line":3,"column":34},"end":{"line":21,"column":1}},"1":{"start":{"line":4,"column":4},"end":{"line":20,"column":5}},"2":{"start":{"line":5,"column":30},"end":{"line":9,"column":17}},"3":{"start":{"line":11,"column":8},"end":{"line":14,"column":9}},"4":{"start":{"line":12,"column":12},"end":{"line":12,"column":55}},"5":{"start":{"line":13,"column":12},"end":{"line":13,"column":66}},"6":{"start":{"line":16,"column":8},"end":{"line":16,"column":43}},"7":{"start":{"line":18,"column":8},"end":{"line":18,"column":51}},"8":{"start":{"line":19,"column":8},"end":{"line":19,"column":62}},"9":{"start":{"line":23,"column":34},"end":{"line":44,"column":1}},"10":{"start":{"line":24,"column":4},"end":{"line":43,"column":5}},"11":{"start":{"line":25,"column":30},"end":{"line":32,"column":48}},"12":{"start":{"line":34,"column":8},"end":{"line":37,"column":9}},"13":{"start":{"line":35,"column":12},"end":{"line":35,"column":61}},"14":{"start":{"line":36,"column":12},"end":{"line":36,"column":74}},"15":{"start":{"line":39,"column":8},"end":{"line":39,"column":43}},"16":{"start":{"line":41,"column":8},"end":{"line":41,"column":57}},"17":{"start":{"line":42,"column":8},"end":{"line":42,"column":70}}},"fnMap":{"0":{"name":"(anonymous_0)","decl":{"start":{"line":3,"column":34},"end":{"line":3,"column":35}},"loc":{"start":{"line":3,"column":57},"end":{"line":21,"column":1}},"line":3},"1":{"name":"(anonymous_1)","decl":{"start":{"line":23,"column":34},"end":{"line":23,"column":35}},"loc":{"start":{"line":23,"column":55},"end":{"line":44,"column":1}},"line":23}},"branchMap":{"0":{"loc":{"start":{"line":11,"column":8},"end":{"line":14,"column":9}},"type":"if","locations":[{"start":{"line":11,"column":8},"end":{"line":14,"column":9}},{"start":{},"end":{}}],"line":11},"1":{"loc":{"start":{"line":34,"column":8},"end":{"line":37,"column":9}},"type":"if","locations":[{"start":{"line":34,"column":8},"end":{"line":37,"column":9}},{"start":{},"end":{}}],"line":34}},"s":{"0":1,"1":2,"2":2,"3":2,"4":1,"5":1,"6":1,"7":0,"8":0,"9":1,"10":2,"11":2,"12":2,"13":1,"14":1,"15":1,"16":0,"17":0},"f":{"0":2,"1":2},"b":{"0":[1,1],"1":[1,1]},"_coverageSchema":"1a1c01bbd47fc00a2c39e90264f33305004495a9","hash":"caac534ce01997d4cbb1afce996a4afe7d34e14e"}
,"C:\\Users\\Ramzan Lafir\\REACT_NATIVE\\MyMobileApp\\services\\postService.js": {"path":"C:\\Users\\Ramzan Lafir\\REACT_NATIVE\\MyMobileApp\\services\\postService.js","statementMap":{"0":{"start":{"line":4,"column":34},"end":{"line":31,"column":1}},"1":{"start":{"line":5,"column":4},"end":{"line":30,"column":5}},"2":{"start":{"line":6,"column":8},"end":{"line":14,"column":9}},"3":{"start":{"line":7,"column":26},"end":{"line":7,"column":53}},"4":{"start":{"line":8,"column":29},"end":{"line":8,"column":63}},"5":{"start":{"line":9,"column":29},"end":{"line":9,"column":83}},"6":{"start":{"line":10,"column":12},"end":{"line":13,"column":13}},"7":{"start":{"line":10,"column":35},"end":{"line":10,"column":63}},"8":{"start":{"line":12,"column":16},"end":{"line":12,"column":34}},"9":{"start":{"line":16,"column":30},"end":{"line":20,"column":21}},"10":{"start":{"line":22,"column":8},"end":{"line":25,"column":9}},"11":{"start":{"line":23,"column":12},"end":{"line":23,"column":53}},"12":{"start":{"line":24,"column":12},"end":{"line":24,"column":71}},"13":{"start":{"line":26,"column":8},"end":{"line":26,"column":43}},"14":{"start":{"line":28,"column":8},"end":{"line":28,"column":49}},"15":{"start":{"line":29,"column":8},"end":{"line":29,"column":67}},"16":{"start":{"line":33,"column":26},"end":{"line":78,"column":1}},"17":{"start":{"line":34,"column":4},"end":{"line":77,"column":5}},"18":{"start":{"line":35,"column":8},"end":{"line":73,"column":9}},"19":{"start":{"line":36,"column":34},"end":{"line":46,"column":25}},"20":{"start":{"line":48,"column":12},"end":{"line":51,"column":13}},"21":{"start":{"line":49,"column":16},"end":{"line":49,"column":56}},"22":{"start":{"line":50,"column":16},"end":{"line":50,"column":73}},"23":{"start":{"line":53,"column":12},"end":{"line":53,"column":47}},"24":{"start":{"line":56,"column":34},"end":{"line":65,"column":25}},"25":{"start":{"line":67,"column":12},"end":{"line":70,"column":13}},"26":{"start":{"line":68,"column":16},"end":{"line":68,"column":56}},"27":{"start":{"line":69,"column":16},"end":{"line":69,"column":73}},"28":{"start":{"line":72,"column":12},"end":{"line":72,"column":47}},"29":{"start":{"line":75,"column":8},"end":{"line":75,"column":48}},"30":{"start":{"line":76,"column":8},"end":{"line":76,"column":65}},"31":{"start":{"line":80,"column":33},"end":{"line":104,"column":1}},"32":{"start":{"line":81,"column":4},"end":{"line":103,"column":5}},"33":{"start":{"line":82,"column":30},"end":{"line":92,"column":17}},"34":{"start":{"line":94,"column":8},"end":{"line":97,"column":9}},"35":{"start":{"line":95,"column":12},"end":{"line":95,"column":59}},"36":{"start":{"line":96,"column":12},"end":{"line":96,"column":77}},"37":{"start":{"line":99,"column":8},"end":{"line":99,"column":43}},"38":{"start":{"line":101,"column":8},"end":{"line":101,"column":55}},"39":{"start":{"line":102,"column":8},"end":{"line":102,"column":73}},"40":{"start":{"line":106,"column":30},"end":{"line":124,"column":1}},"41":{"start":{"line":107,"column":4},"end":{"line":123,"column":5}},"42":{"start":{"line":108,"column":30},"end":{"line":112,"column":17}},"43":{"start":{"line":114,"column":8},"end":{"line":117,"column":9}},"44":{"start":{"line":115,"column":12},"end":{"line":115,"column":51}},"45":{"start":{"line":116,"column":12},"end":{"line":116,"column":68}},"46":{"start":{"line":119,"column":8},"end":{"line":119,"column":43}},"47":{"start":{"line":121,"column":8},"end":{"line":121,"column":47}},"48":{"start":{"line":122,"column":8},"end":{"line":122,"column":64}},"49":{"start":{"line":126,"column":30},"end":{"line":144,"column":1}},"50":{"start":{"line":127,"column":4},"end":{"line":143,"column":5}},"51":{"start":{"line":128,"column":24},"end":{"line":132,"column":29}},"52":{"start":{"line":134,"column":8},"end":{"line":137,"column":9}},"53":{"start":{"line":135,"column":12},"end":{"line":135,"column":51}},"54":{"start":{"line":136,"column":12},"end":{"line":136,"column":75}},"55":{"start":{"line":139,"column":8},"end":{"line":139,"column":31}},"56":{"start":{"line":141,"column":8},"end":{"line":141,"column":47}},"57":{"start":{"line":142,"column":8},"end":{"line":142,"column":71}},"58":{"start":{"line":146,"column":29},"end":{"line":164,"column":1}},"59":{"start":{"line":147,"column":4},"end":{"line":163,"column":5}},"60":{"start":{"line":148,"column":30},"end":{"line":152,"column":17}},"61":{"start":{"line":154,"column":8},"end":{"line":157,"column":9}},"62":{"start":{"line":155,"column":12},"end":{"line":155,"column":50}},"63":{"start":{"line":156,"column":12},"end":{"line":156,"column":74}},"64":{"start":{"line":159,"column":8},"end":{"line":159,"column":43}},"65":{"start":{"line":161,"column":8},"end":{"line":161,"column":46}},"66":{"start":{"line":162,"column":8},"end":{"line":162,"column":70}},"67":{"start":{"line":166,"column":29},"end":{"line":183,"column":1}},"68":{"start":{"line":167,"column":4},"end":{"line":182,"column":5}},"69":{"start":{"line":168,"column":24},"end":{"line":171,"column":28}},"70":{"start":{"line":173,"column":8},"end":{"line":176,"column":9}},"71":{"start":{"line":174,"column":12},"end":{"line":174,"column":56}},"72":{"start":{"line":175,"column":12},"end":{"line":175,"column":73}},"73":{"start":{"line":178,"column":8},"end":{"line":178,"column":50}},"74":{"start":{"line":180,"column":8},"end":{"line":180,"column":52}},"75":{"start":{"line":181,"column":8},"end":{"line":181,"column":69}},"76":{"start":{"line":185,"column":26},"end":{"line":202,"column":1}},"77":{"start":{"line":186,"column":4},"end":{"line":201,"column":5}},"78":{"start":{"line":187,"column":24},"end":{"line":190,"column":25}},"79":{"start":{"line":192,"column":8},"end":{"line":195,"column":9}},"80":{"start":{"line":193,"column":12},"end":{"line":193,"column":53}},"81":{"start":{"line":194,"column":12},"end":{"line":194,"column":70}},"82":{"start":{"line":197,"column":8},"end":{"line":197,"column":47}},"83":{"start":{"line":199,"column":8},"end":{"line":199,"column":49}},"84":{"start":{"line":200,"column":8},"end":{"line":200,"column":66}}},"fnMap":{"0":{"name":"(anonymous_0)","decl":{"start":{"line":4,"column":34},"end":{"line":4,"column":35}},"loc":{"start":{"line":4,"column":49},"end":{"line":31,"column":1}},"line":4},"1":{"name":"(anonymous_1)","decl":{"start":{"line":33,"column":26},"end":{"line":33,"column":27}},"loc":{"start":{"line":33,"column":53},"end":{"line":78,"column":1}},"line":33},"2":{"name":"(anonymous_2)","decl":{"start":{"line":80,"column":33},"end":{"line":80,"column":34}},"loc":{"start":{"line":80,"column":50},"end":{"line":104,"column":1}},"line":80},"3":{"name":"(anonymous_3)","decl":{"start":{"line":106,"column":30},"end":{"line":106,"column":31}},"loc":{"start":{"line":106,"column":49},"end":{"line":124,"column":1}},"line":106},"4":{"name":"(anonymous_4)","decl":{"start":{"line":126,"column":30},"end":{"line":126,"column":31}},"loc":{"start":{"line":126,"column":55},"end":{"line":144,"column":1}},"line":126},"5":{"name":"(anonymous_5)","decl":{"start":{"line":146,"column":29},"end":{"line":146,"column":30}},"loc":{"start":{"line":146,"column":47},"end":{"line":164,"column":1}},"line":146},"6":{"name":"(anonymous_6)","decl":{"start":{"line":166,"column":29},"end":{"line":166,"column":30}},"loc":{"start":{"line":166,"column":49},"end":{"line":183,"column":1}},"line":166},"7":{"name":"(anonymous_7)","decl":{"start":{"line":185,"column":26},"end":{"line":185,"column":27}},"loc":{"start":{"line":185,"column":43},"end":{"line":202,"column":1}},"line":185}},"branchMap":{"0":{"loc":{"start":{"line":6,"column":8},"end":{"line":14,"column":9}},"type":"if","locations":[{"start":{"line":6,"column":8},"end":{"line":14,"column":9}},{"start":{},"end":{}}],"line":6},"1":{"loc":{"start":{"line":6,"column":11},"end":{"line":6,"column":52}},"type":"binary-expr","locations":[{"start":{"line":6,"column":11},"end":{"line":6,"column":20}},{"start":{"line":6,"column":24},"end":{"line":6,"column":52}}],"line":6},"2":{"loc":{"start":{"line":8,"column":29},"end":{"line":8,"column":63}},"type":"cond-expr","locations":[{"start":{"line":8,"column":38},"end":{"line":8,"column":49}},{"start":{"line":8,"column":51},"end":{"line":8,"column":63}}],"line":8},"3":{"loc":{"start":{"line":10,"column":12},"end":{"line":13,"column":13}},"type":"if","locations":[{"start":{"line":10,"column":12},"end":{"line":13,"column":13}},{"start":{"line":11,"column":16},"end":{"line":13,"column":13}}],"line":10},"4":{"loc":{"start":{"line":22,"column":8},"end":{"line":25,"column":9}},"type":"if","locations":[{"start":{"line":22,"column":8},"end":{"line":25,"column":9}},{"start":{},"end":{}}],"line":22},"5":{"loc":{"start":{"line":33,"column":33},"end":{"line":33,"column":41}},"type":"default-arg","locations":[{"start":{"line":33,"column":39},"end":{"line":33,"column":41}}],"line":33},"6":{"loc":{"start":{"line":35,"column":8},"end":{"line":73,"column":9}},"type":"if","locations":[{"start":{"line":35,"column":8},"end":{"line":73,"column":9}},{"start":{"line":55,"column":13},"end":{"line":73,"column":9}}],"line":35},"7":{"loc":{"start":{"line":48,"column":12},"end":{"line":51,"column":13}},"type":"if","locations":[{"start":{"line":48,"column":12},"end":{"line":51,"column":13}},{"start":{},"end":{}}],"line":48},"8":{"loc":{"start":{"line":67,"column":12},"end":{"line":70,"column":13}},"type":"if","locations":[{"start":{"line":67,"column":12},"end":{"line":70,"column":13}},{"start":{},"end":{}}],"line":67},"9":{"loc":{"start":{"line":94,"column":8},"end":{"line":97,"column":9}},"type":"if","locations":[{"start":{"line":94,"column":8},"end":{"line":97,"column":9}},{"start":{},"end":{}}],"line":94},"10":{"loc":{"start":{"line":114,"column":8},"end":{"line":117,"column":9}},"type":"if","locations":[{"start":{"line":114,"column":8},"end":{"line":117,"column":9}},{"start":{},"end":{}}],"line":114},"11":{"loc":{"start":{"line":134,"column":8},"end":{"line":137,"column":9}},"type":"if","locations":[{"start":{"line":134,"column":8},"end":{"line":137,"column":9}},{"start":{},"end":{}}],"line":134},"12":{"loc":{"start":{"line":154,"column":8},"end":{"line":157,"column":9}},"type":"if","locations":[{"start":{"line":154,"column":8},"end":{"line":157,"column":9}},{"start":{},"end":{}}],"line":154},"13":{"loc":{"start":{"line":173,"column":8},"end":{"line":176,"column":9}},"type":"if","locations":[{"start":{"line":173,"column":8},"end":{"line":176,"column":9}},{"start":{},"end":{}}],"line":173},"14":{"loc":{"start":{"line":192,"column":8},"end":{"line":195,"column":9}},"type":"if","locations":[{"start":{"line":192,"column":8},"end":{"line":195,"column":9}},{"start":{},"end":{}}],"line":192}},"s":{"0":3,"1":2,"2":2,"3":2,"4":2,"5":2,"6":2,"7":1,"8":1,"9":1,"10":1,"11":0,"12":0,"13":1,"14":0,"15":0,"16":3,"17":2,"18":2,"19":1,"20":1,"21":0,"22":0,"23":1,"24":1,"25":1,"26":1,"27":1,"28":0,"29":0,"30":0,"31":3,"32":2,"33":2,"34":2,"35":1,"36":1,"37":1,"38":0,"39":0,"40":3,"41":2,"42":2,"43":2,"44":1,"45":1,"46":1,"47":0,"48":0,"49":3,"50":2,"51":2,"52":2,"53":1,"54":1,"55":1,"56":0,"57":0,"58":3,"59":2,"60":2,"61":2,"62":1,"63":1,"64":1,"65":0,"66":0,"67":3,"68":2,"69":2,"70":2,"71":1,"72":1,"73":1,"74":0,"75":0,"76":3,"77":2,"78":2,"79":2,"80":1,"81":1,"82":1,"83":0,"84":0},"f":{"0":2,"1":2,"2":2,"3":2,"4":2,"5":2,"6":2,"7":2},"b":{"0":[2,0],"1":[2,2],"2":[2,0],"3":[1,1],"4":[0,1],"5":[1],"6":[1,1],"7":[0,1],"8":[1,0],"9":[1,1],"10":[1,1],"11":[1,1],"12":[1,1],"13":[1,1],"14":[1,1]},"_coverageSchema":"1a1c01bbd47fc00a2c39e90264f33305004495a9","hash":"76e285dec9b9452ff83bffd6f358923d4e913a1a"}
,"C:\\Users\\Ramzan Lafir\\REACT_NATIVE\\MyMobileApp\\services\\userService.js": {"path":"C:\\Users\\Ramzan Lafir\\REACT_NATIVE\\MyMobileApp\\services\\userService.js","statementMap":{"0":{"start":{"line":3,"column":27},"end":{"line":19,"column":1}},"1":{"start":{"line":4,"column":4},"end":{"line":18,"column":5}},"2":{"start":{"line":5,"column":30},"end":{"line":9,"column":17}},"3":{"start":{"line":11,"column":8},"end":{"line":13,"column":9}},"4":{"start":{"line":12,"column":12},"end":{"line":12,"column":57}},"5":{"start":{"line":14,"column":8},"end":{"line":14,"column":37}},"6":{"start":{"line":16,"column":8},"end":{"line":16,"column":41}},"7":{"start":{"line":17,"column":8},"end":{"line":17,"column":52}},"8":{"start":{"line":21,"column":26},"end":{"line":36,"column":1}},"9":{"start":{"line":22,"column":4},"end":{"line":35,"column":5}},"10":{"start":{"line":23,"column":24},"end":{"line":26,"column":25}},"11":{"start":{"line":28,"column":8},"end":{"line":30,"column":9}},"12":{"start":{"line":29,"column":12},"end":{"line":29,"column":57}},"13":{"start":{"line":31,"column":8},"end":{"line":31,"column":37}},"14":{"start":{"line":33,"column":8},"end":{"line":33,"column":41}},"15":{"start":{"line":34,"column":8},"end":{"line":34,"column":52}}},"fnMap":{"0":{"name":"(anonymous_0)","decl":{"start":{"line":3,"column":27},"end":{"line":3,"column":28}},"loc":{"start":{"line":3,"column":43},"end":{"line":19,"column":1}},"line":3},"1":{"name":"(anonymous_1)","decl":{"start":{"line":21,"column":26},"end":{"line":21,"column":27}},"loc":{"start":{"line":21,"column":48},"end":{"line":36,"column":1}},"line":21}},"branchMap":{"0":{"loc":{"start":{"line":11,"column":8},"end":{"line":13,"column":9}},"type":"if","locations":[{"start":{"line":11,"column":8},"end":{"line":13,"column":9}},{"start":{},"end":{}}],"line":11},"1":{"loc":{"start":{"line":28,"column":8},"end":{"line":30,"column":9}},"type":"if","locations":[{"start":{"line":28,"column":8},"end":{"line":30,"column":9}},{"start":{},"end":{}}],"line":28}},"s":{"0":3,"1":2,"2":2,"3":2,"4":1,"5":1,"6":0,"7":0,"8":3,"9":2,"10":2,"11":2,"12":1,"13":1,"14":0,"15":0},"f":{"0":2,"1":2},"b":{"0":[1,1],"1":[1,1]},"_coverageSchema":"1a1c01bbd47fc00a2c39e90264f33305004495a9","hash":"628a41ddc26af33d365b6c788e4ad2ffa4b5b8bc"}
}
