TN:
SF:app\_layout.jsx
FN:9,(anonymous_0)
FN:17,(anonymous_1)
FN:22,(anonymous_2)
FN:23,(anonymous_3)
FN:38,(anonymous_4)
FNF:5
FNH:0
FNDA:0,(anonymous_0)
FNDA:0,(anonymous_1)
FNDA:0,(anonymous_2)
FNDA:0,(anonymous_3)
FNDA:0,(anonymous_4)
DA:8,0
DA:9,0
DA:10,0
DA:17,0
DA:19,0
DA:20,0
DA:22,0
DA:23,0
DA:24,0
DA:26,0
DA:27,0
DA:28,0
DA:29,0
DA:31,0
DA:32,0
DA:38,0
DA:39,0
DA:41,0
DA:45,0
LF:19
LH:0
BRDA:26,0,0,0
BRDA:26,0,1,0
BRDA:41,1,0,0
BRDA:41,1,1,0
BRF:4
BRH:0
end_of_record
TN:
SF:app\index.jsx
FN:7,(anonymous_0)
FNF:1
FNH:0
FNDA:0,(anonymous_0)
DA:7,0
DA:8,0
LF:2
LH:0
BRF:0
BRH:0
end_of_record
TN:
SF:app\login.jsx
FN:14,(anonymous_0)
FN:21,(anonymous_1)
FN:65,(anonymous_2)
FN:71,(anonymous_3)
FN:84,(anonymous_4)
FNF:5
FNH:1
FNDA:7,(anonymous_0)
FNDA:0,(anonymous_1)
FNDA:0,(anonymous_2)
FNDA:0,(anonymous_3)
FNDA:0,(anonymous_4)
DA:14,1
DA:16,7
DA:17,7
DA:18,7
DA:19,7
DA:21,7
DA:22,0
DA:24,0
DA:25,0
DA:28,0
DA:29,0
DA:31,0
DA:33,0
DA:38,0
DA:40,0
DA:41,0
DA:42,0
DA:47,7
DA:65,0
DA:71,0
DA:84,0
DA:97,1
LF:22
LH:8
BRDA:22,0,0,0
BRDA:22,0,1,0
BRDA:22,1,0,0
BRDA:22,1,1,0
BRDA:41,2,0,0
BRDA:41,2,1,0
BRF:6
BRH:0
end_of_record
TN:
SF:app\signUp.jsx
FN:15,(anonymous_0)
FN:23,(anonymous_1)
FN:74,(anonymous_2)
FN:79,(anonymous_3)
FN:85,(anonymous_4)
FN:95,(anonymous_5)
FNF:6
FNH:1
FNDA:4,(anonymous_0)
FNDA:0,(anonymous_1)
FNDA:0,(anonymous_2)
FNDA:0,(anonymous_3)
FNDA:0,(anonymous_4)
FNDA:0,(anonymous_5)
DA:15,1
DA:17,4
DA:18,4
DA:19,4
DA:20,4
DA:21,4
DA:23,4
DA:24,0
DA:26,0
DA:27,0
DA:30,0
DA:31,0
DA:32,0
DA:34,0
DA:36,0
DA:46,0
DA:51,0
DA:52,0
DA:56,4
DA:74,0
DA:79,0
DA:85,0
DA:95,0
DA:108,1
LF:24
LH:9
BRDA:24,0,0,0
BRDA:24,0,1,0
BRDA:24,1,0,0
BRDA:24,1,1,0
BRDA:51,2,0,0
BRDA:51,2,1,0
BRF:6
BRH:0
end_of_record
TN:
SF:app\welcome.jsx
FN:10,(anonymous_0)
FN:32,(anonymous_1)
FN:38,(anonymous_2)
FNF:3
FNH:1
FNDA:1,(anonymous_0)
FNDA:0,(anonymous_1)
FNDA:0,(anonymous_2)
DA:10,1
DA:12,1
DA:14,1
DA:32,0
DA:38,0
DA:54,1
LF:6
LH:4
BRF:0
BRH:0
end_of_record
TN:
SF:app\(main)\editProfile.jsx
FN:17,(anonymous_0)
FN:31,(anonymous_1)
FN:43,(anonymous_2)
FN:58,(anonymous_3)
FN:103,(anonymous_4)
FN:109,(anonymous_5)
FN:115,(anonymous_6)
FN:122,(anonymous_7)
FNF:8
FNH:2
FNDA:10,(anonymous_0)
FNDA:5,(anonymous_1)
FNDA:0,(anonymous_2)
FNDA:0,(anonymous_3)
FNDA:0,(anonymous_4)
FNDA:0,(anonymous_5)
FNDA:0,(anonymous_6)
FNDA:0,(anonymous_7)
DA:17,1
DA:19,10
DA:20,10
DA:21,10
DA:23,10
DA:31,10
DA:32,5
DA:33,5
DA:43,10
DA:45,0
DA:52,0
DA:53,0
DA:58,10
DA:59,0
DA:60,0
DA:61,0
DA:62,0
DA:63,0
DA:65,0
DA:67,0
DA:68,0
DA:69,0
DA:70,0
DA:73,0
DA:74,0
DA:76,0
DA:77,0
DA:78,0
DA:82,10
DA:83,10
DA:103,0
DA:109,0
DA:115,0
DA:122,0
DA:135,1
LF:35
LH:13
BRDA:32,0,0,5
BRDA:32,0,1,0
BRDA:34,1,0,5
BRDA:34,1,1,0
BRDA:35,2,0,5
BRDA:35,2,1,0
BRDA:36,3,0,5
BRDA:36,3,1,0
BRDA:37,4,0,5
BRDA:37,4,1,0
BRDA:38,5,0,5
BRDA:38,5,1,0
BRDA:52,6,0,0
BRDA:52,6,1,0
BRDA:61,7,0,0
BRDA:61,7,1,0
BRDA:61,8,0,0
BRDA:61,8,1,0
BRDA:61,8,2,0
BRDA:61,8,3,0
BRDA:61,8,4,0
BRDA:67,9,0,0
BRDA:67,9,1,0
BRDA:69,10,0,0
BRDA:69,10,1,0
BRDA:76,11,0,0
BRDA:76,11,1,0
BRDA:82,12,0,0
BRDA:82,12,1,10
BRDA:82,13,0,10
BRDA:82,13,1,5
BRF:31
BRH:9
end_of_record
TN:
SF:app\(main)\home.jsx
FN:17,(anonymous_0)
FN:26,(anonymous_1)
FN:34,(anonymous_2)
FN:37,(anonymous_3)
FN:38,(anonymous_4)
FN:43,(anonymous_5)
FN:44,(anonymous_6)
FN:56,(anonymous_7)
FN:59,(anonymous_8)
FN:63,(anonymous_9)
FN:75,(anonymous_10)
FN:81,(anonymous_11)
FN:113,(anonymous_12)
FN:126,(anonymous_13)
FN:129,(anonymous_14)
FN:144,(anonymous_15)
FN:145,(anonymous_16)
FN:151,(anonymous_17)
FNF:18
FNH:3
FNDA:1,(anonymous_0)
FNDA:0,(anonymous_1)
FNDA:0,(anonymous_2)
FNDA:0,(anonymous_3)
FNDA:0,(anonymous_4)
FNDA:0,(anonymous_5)
FNDA:0,(anonymous_6)
FNDA:0,(anonymous_7)
FNDA:0,(anonymous_8)
FNDA:1,(anonymous_9)
FNDA:1,(anonymous_10)
FNDA:0,(anonymous_11)
FNDA:0,(anonymous_12)
FNDA:0,(anonymous_13)
FNDA:0,(anonymous_14)
FNDA:0,(anonymous_15)
FNDA:0,(anonymous_16)
FNDA:0,(anonymous_17)
DA:16,1
DA:17,1
DA:19,1
DA:20,1
DA:22,1
DA:23,1
DA:24,1
DA:26,1
DA:28,0
DA:29,0
DA:30,0
DA:31,0
DA:32,0
DA:33,0
DA:34,0
DA:36,0
DA:37,0
DA:38,0
DA:39,0
DA:42,0
DA:43,0
DA:44,0
DA:45,0
DA:46,0
DA:47,0
DA:49,0
DA:51,0
DA:56,1
DA:57,0
DA:58,0
DA:59,0
DA:63,1
DA:64,1
DA:69,1
DA:75,1
DA:76,1
DA:77,1
DA:81,1
DA:83,0
DA:84,0
DA:86,0
DA:91,0
DA:92,0
DA:93,0
DA:107,1
DA:114,0
DA:115,0
DA:126,0
DA:129,0
DA:144,0
DA:145,0
DA:152,0
DA:153,0
DA:175,1
LF:54
LH:18
BRDA:28,0,0,0
BRDA:28,0,1,0
BRDA:28,1,0,0
BRDA:28,1,1,0
BRDA:33,2,0,0
BRDA:33,2,1,0
BRDA:36,3,0,0
BRDA:36,3,1,0
BRDA:36,4,0,0
BRDA:36,4,1,0
BRDA:42,5,0,0
BRDA:42,5,1,0
BRDA:42,6,0,0
BRDA:42,6,1,0
BRDA:45,7,0,0
BRDA:45,7,1,0
BRDA:58,8,0,0
BRDA:58,8,1,0
BRDA:58,9,0,0
BRDA:58,9,1,0
BRDA:83,10,0,0
BRDA:83,10,1,0
BRDA:91,11,0,0
BRDA:91,11,1,0
BRDA:92,12,0,0
BRDA:92,12,1,0
BRDA:119,13,0,1
BRDA:119,13,1,0
BRDA:156,14,0,1
BRDA:156,14,1,0
BRDA:157,15,0,1
BRDA:157,15,1,0
BRF:32
BRH:3
end_of_record
TN:
SF:app\(main)\newPost.jsx
FN:19,(anonymous_0)
FN:30,(anonymous_1)
FN:34,(anonymous_2)
FN:40,(anonymous_3)
FN:62,(anonymous_4)
FN:69,(anonymous_5)
FN:82,(anonymous_6)
FN:91,(anonymous_7)
FN:147,(anonymous_8)
FN:170,(anonymous_9)
FN:181,(anonymous_10)
FN:184,(anonymous_11)
FNF:12
FNH:3
FNDA:3,(anonymous_0)
FNDA:3,(anonymous_1)
FNDA:0,(anonymous_2)
FNDA:0,(anonymous_3)
FNDA:0,(anonymous_4)
FNDA:0,(anonymous_5)
FNDA:3,(anonymous_6)
FNDA:0,(anonymous_7)
FNDA:0,(anonymous_8)
FNDA:0,(anonymous_9)
FNDA:0,(anonymous_10)
FNDA:0,(anonymous_11)
DA:19,1
DA:21,3
DA:23,3
DA:24,3
DA:25,3
DA:26,3
DA:27,3
DA:28,3
DA:30,3
DA:31,3
DA:32,0
DA:33,0
DA:34,0
DA:35,0
DA:40,3
DA:42,0
DA:48,0
DA:49,0
DA:54,0
DA:56,0
DA:57,0
DA:62,3
DA:63,0
DA:64,0
DA:66,0
DA:69,3
DA:70,0
DA:71,0
DA:72,0
DA:75,0
DA:76,0
DA:79,0
DA:82,3
DA:83,3
DA:84,0
DA:85,0
DA:88,0
DA:91,3
DA:93,0
DA:94,0
DA:95,0
DA:97,0
DA:103,0
DA:105,0
DA:106,0
DA:107,0
DA:109,0
DA:110,0
DA:111,0
DA:112,0
DA:113,0
DA:115,0
DA:120,3
DA:121,3
DA:147,0
DA:170,0
DA:181,0
DA:184,0
DA:206,1
LF:59
LH:19
BRDA:31,0,0,0
BRDA:31,0,1,3
BRDA:31,1,0,3
BRDA:31,1,1,3
BRDA:33,2,0,0
BRDA:33,2,1,0
BRDA:48,3,0,0
BRDA:48,3,1,0
BRDA:56,4,0,0
BRDA:56,4,1,0
BRDA:63,5,0,0
BRDA:63,5,1,0
BRDA:64,6,0,0
BRDA:64,6,1,0
BRDA:70,7,0,0
BRDA:70,7,1,0
BRDA:71,8,0,0
BRDA:71,8,1,0
BRDA:75,9,0,0
BRDA:75,9,1,0
BRDA:83,10,0,3
BRDA:83,10,1,0
BRDA:84,11,0,0
BRDA:84,11,1,0
BRDA:93,12,0,0
BRDA:93,12,1,0
BRDA:93,13,0,0
BRDA:93,13,1,0
BRDA:103,14,0,0
BRDA:103,14,1,0
BRDA:103,15,0,0
BRDA:103,15,1,0
BRDA:109,16,0,0
BRDA:109,16,1,0
BRDA:135,17,0,3
BRDA:135,17,1,3
BRDA:140,18,0,3
BRDA:140,18,1,3
BRDA:151,19,0,3
BRDA:151,19,1,0
BRDA:154,20,0,0
BRDA:154,20,1,0
BRDA:194,21,0,0
BRDA:194,21,1,3
BRDA:194,22,0,3
BRDA:194,22,1,3
BRF:46
BRH:12
end_of_record
TN:
SF:app\(main)\notifications.jsx
FN:12,(anonymous_0)
FN:17,(anonymous_1)
FN:21,(anonymous_2)
FN:31,(anonymous_3)
FNF:4
FNH:0
FNDA:0,(anonymous_0)
FNDA:0,(anonymous_1)
FNDA:0,(anonymous_2)
FNDA:0,(anonymous_3)
DA:12,0
DA:13,0
DA:14,0
DA:15,0
DA:17,0
DA:18,0
DA:21,0
DA:22,0
DA:23,0
DA:25,0
DA:32,0
DA:54,0
LF:12
LH:0
BRDA:23,0,0,0
BRDA:23,0,1,0
BRDA:42,1,0,0
BRDA:42,1,1,0
BRF:4
BRH:0
end_of_record
TN:
SF:app\(main)\postDetails.jsx
FN:17,(anonymous_0)
FN:28,(anonymous_1)
FN:33,(anonymous_2)
FN:42,(anonymous_3)
FN:55,(anonymous_4)
FN:60,(anonymous_5)
FN:66,(anonymous_6)
FN:93,(anonymous_7)
FN:97,(anonymous_8)
FN:99,(anonymous_9)
FN:107,(anonymous_10)
FN:116,(anonymous_11)
FN:153,(anonymous_12)
FN:174,(anonymous_13)
FNF:14
FNH:0
FNDA:0,(anonymous_0)
FNDA:0,(anonymous_1)
FNDA:0,(anonymous_2)
FNDA:0,(anonymous_3)
FNDA:0,(anonymous_4)
FNDA:0,(anonymous_5)
FNDA:0,(anonymous_6)
FNDA:0,(anonymous_7)
FNDA:0,(anonymous_8)
FNDA:0,(anonymous_9)
FNDA:0,(anonymous_10)
FNDA:0,(anonymous_11)
FNDA:0,(anonymous_12)
FNDA:0,(anonymous_13)
DA:17,0
DA:18,0
DA:19,0
DA:20,0
DA:21,0
DA:22,0
DA:23,0
DA:24,0
DA:26,0
DA:28,0
DA:29,0
DA:30,0
DA:31,0
DA:32,0
DA:33,0
DA:34,0
DA:42,0
DA:43,0
DA:53,0
DA:55,0
DA:56,0
DA:60,0
DA:61,0
DA:62,0
DA:63,0
DA:66,0
DA:67,0
DA:68,0
DA:73,0
DA:74,0
DA:75,0
DA:76,0
DA:77,0
DA:78,0
DA:84,0
DA:86,0
DA:87,0
DA:89,0
DA:93,0
DA:94,0
DA:95,0
DA:96,0
DA:97,0
DA:98,0
DA:99,0
DA:100,0
DA:103,0
DA:107,0
DA:108,0
DA:109,0
DA:110,0
DA:112,0
DA:116,0
DA:117,0
DA:118,0
DA:121,0
DA:122,0
DA:129,0
DA:130,0
DA:136,0
DA:153,0
DA:175,0
DA:200,0
LF:63
LH:0
BRDA:29,0,0,0
BRDA:29,0,1,0
BRDA:32,1,0,0
BRDA:32,1,1,0
BRDA:62,2,0,0
BRDA:62,2,1,0
BRDA:67,3,0,0
BRDA:67,3,1,0
BRDA:76,4,0,0
BRDA:76,4,1,0
BRDA:77,5,0,0
BRDA:77,5,1,0
BRDA:96,6,0,0
BRDA:96,6,1,0
BRDA:109,7,0,0
BRDA:109,7,1,0
BRDA:121,8,0,0
BRDA:121,8,1,0
BRDA:129,9,0,0
BRDA:129,9,1,0
BRDA:159,10,0,0
BRDA:159,10,1,0
BRDA:180,11,0,0
BRDA:180,11,1,0
BRDA:185,12,0,0
BRDA:185,12,1,0
BRF:26
BRH:0
end_of_record
TN:
SF:app\(main)\profile.jsx
FN:17,(anonymous_0)
FN:23,(anonymous_1)
FN:31,(anonymous_2)
FN:47,(anonymous_3)
FN:51,(anonymous_4)
FN:56,(anonymous_5)
FN:70,(anonymous_6)
FN:71,(anonymous_7)
FN:77,(anonymous_8)
FN:96,(anonymous_9)
FN:114,(anonymous_10)
FNF:11
FNH:0
FNDA:0,(anonymous_0)
FNDA:0,(anonymous_1)
FNDA:0,(anonymous_2)
FNDA:0,(anonymous_3)
FNDA:0,(anonymous_4)
FNDA:0,(anonymous_5)
FNDA:0,(anonymous_6)
FNDA:0,(anonymous_7)
FNDA:0,(anonymous_8)
FNDA:0,(anonymous_9)
FNDA:0,(anonymous_10)
DA:16,0
DA:17,0
DA:18,0
DA:19,0
DA:20,0
DA:21,0
DA:23,0
DA:25,0
DA:26,0
DA:27,0
DA:31,0
DA:33,0
DA:34,0
DA:36,0
DA:41,0
DA:42,0
DA:43,0
DA:47,0
DA:48,0
DA:51,0
DA:56,0
DA:62,0
DA:70,0
DA:71,0
DA:78,0
DA:79,0
DA:96,0
DA:97,0
DA:114,0
DA:158,0
LF:30
LH:0
BRDA:26,0,0,0
BRDA:26,0,1,0
BRDA:33,1,0,0
BRDA:33,1,1,0
BRDA:41,2,0,0
BRDA:41,2,1,0
BRDA:42,3,0,0
BRDA:42,3,1,0
BRDA:82,4,0,0
BRDA:82,4,1,0
BRDA:83,5,0,0
BRDA:83,5,1,0
BRDA:121,6,0,0
BRDA:121,6,1,0
BRDA:122,7,0,0
BRDA:122,7,1,0
BRDA:129,8,0,0
BRDA:129,8,1,0
BRDA:133,9,0,0
BRDA:133,9,1,0
BRDA:133,9,2,0
BRDA:137,10,0,0
BRDA:137,10,1,0
BRDA:143,11,0,0
BRDA:143,11,1,0
BRDA:143,11,2,0
BRF:26
BRH:0
end_of_record
TN:
SF:assets\icons\ArrowLeft.jsx
FN:4,(anonymous_0)
FNF:1
FNH:1
FNDA:24,(anonymous_0)
DA:4,5
DA:5,24
LF:2
LH:2
BRF:0
BRH:0
end_of_record
TN:
SF:assets\icons\Call.jsx
FN:4,(anonymous_0)
FNF:1
FNH:1
FNDA:10,(anonymous_0)
DA:4,5
DA:5,10
LF:2
LH:2
BRF:0
BRH:0
end_of_record
TN:
SF:assets\icons\Camera.jsx
FN:4,(anonymous_0)
FNF:1
FNH:1
FNDA:10,(anonymous_0)
DA:4,5
DA:5,10
LF:2
LH:2
BRF:0
BRH:0
end_of_record
TN:
SF:assets\icons\Comment.jsx
FN:4,(anonymous_0)
FNF:1
FNH:0
FNDA:0,(anonymous_0)
DA:4,5
DA:5,0
LF:2
LH:1
BRF:0
BRH:0
end_of_record
TN:
SF:assets\icons\Delete.jsx
FN:4,(anonymous_0)
FNF:1
FNH:0
FNDA:0,(anonymous_0)
DA:4,5
DA:5,0
LF:2
LH:1
BRF:0
BRH:0
end_of_record
TN:
SF:assets\icons\Edit.jsx
FN:4,(anonymous_0)
FNF:1
FNH:0
FNDA:0,(anonymous_0)
DA:4,5
DA:5,0
LF:2
LH:1
BRF:0
BRH:0
end_of_record
TN:
SF:assets\icons\Heart.jsx
FN:5,(anonymous_0)
FNF:1
FNH:1
FNDA:1,(anonymous_0)
DA:5,5
DA:6,1
LF:2
LH:2
BRF:0
BRH:0
end_of_record
TN:
SF:assets\icons\Home.jsx
FN:4,(anonymous_0)
FNF:1
FNH:0
FNDA:0,(anonymous_0)
DA:4,5
DA:5,0
LF:2
LH:1
BRF:0
BRH:0
end_of_record
TN:
SF:assets\icons\Image.jsx
FN:4,(anonymous_0)
FNF:1
FNH:1
FNDA:3,(anonymous_0)
DA:4,5
DA:5,3
LF:2
LH:2
BRF:0
BRH:0
end_of_record
TN:
SF:assets\icons\Location.jsx
FN:4,(anonymous_0)
FNF:1
FNH:1
FNDA:10,(anonymous_0)
DA:4,5
DA:5,10
LF:2
LH:2
BRF:0
BRH:0
end_of_record
TN:
SF:assets\icons\Lock.jsx
FN:4,(anonymous_0)
FNF:1
FNH:1
FNDA:11,(anonymous_0)
DA:4,5
DA:5,11
LF:2
LH:2
BRF:0
BRH:0
end_of_record
TN:
SF:assets\icons\Mail.jsx
FN:4,(anonymous_0)
FNF:1
FNH:1
FNDA:11,(anonymous_0)
DA:4,5
DA:5,11
LF:2
LH:2
BRF:0
BRH:0
end_of_record
TN:
SF:assets\icons\Plus.jsx
FN:5,(anonymous_0)
FNF:1
FNH:1
FNDA:1,(anonymous_0)
DA:5,5
DA:6,1
LF:2
LH:2
BRF:0
BRH:0
end_of_record
TN:
SF:assets\icons\Search.jsx
FN:5,(anonymous_0)
FNF:1
FNH:0
FNDA:0,(anonymous_0)
DA:5,5
DA:6,0
LF:2
LH:1
BRF:0
BRH:0
end_of_record
TN:
SF:assets\icons\Send.jsx
FN:4,(anonymous_0)
FNF:1
FNH:0
FNDA:0,(anonymous_0)
DA:4,5
DA:5,0
LF:2
LH:1
BRF:0
BRH:0
end_of_record
TN:
SF:assets\icons\Share.jsx
FN:4,(anonymous_0)
FNF:1
FNH:0
FNDA:0,(anonymous_0)
DA:4,5
DA:5,0
LF:2
LH:1
BRF:0
BRH:0
end_of_record
TN:
SF:assets\icons\ThreeDotsCircle.jsx
FN:4,(anonymous_0)
FNF:1
FNH:0
FNDA:0,(anonymous_0)
DA:4,5
DA:5,0
LF:2
LH:1
BRF:0
BRH:0
end_of_record
TN:
SF:assets\icons\ThreeDotsHorizontal.jsx
FN:4,(anonymous_0)
FNF:1
FNH:0
FNDA:0,(anonymous_0)
DA:4,5
DA:5,0
LF:2
LH:1
BRF:0
BRH:0
end_of_record
TN:
SF:assets\icons\User.jsx
FN:4,(anonymous_0)
FNF:1
FNH:1
FNDA:14,(anonymous_0)
DA:4,5
DA:5,14
LF:2
LH:2
BRF:0
BRH:0
end_of_record
TN:
SF:assets\icons\Video.jsx
FN:4,(anonymous_0)
FNF:1
FNH:1
FNDA:3,(anonymous_0)
DA:4,5
DA:5,3
LF:2
LH:2
BRF:0
BRH:0
end_of_record
TN:
SF:assets\icons\index.jsx
FN:50,(anonymous_0)
FNF:1
FNH:1
FNDA:98,(anonymous_0)
DA:26,5
DA:50,5
DA:51,98
DA:52,98
LF:4
LH:4
BRDA:54,0,0,98
BRDA:54,0,1,30
BRDA:55,1,0,98
BRDA:55,1,1,30
BRDA:56,2,0,98
BRDA:56,2,1,36
BRF:6
BRH:6
end_of_record
TN:
SF:assets\icons\logout.jsx
FN:4,(anonymous_0)
FNF:1
FNH:0
FNDA:0,(anonymous_0)
DA:4,5
DA:5,0
LF:2
LH:1
BRF:0
BRH:0
end_of_record
TN:
SF:components\Avatar.jsx
FN:8,(anonymous_0)
FNF:1
FNH:1
FNDA:4,(anonymous_0)
DA:8,2
DA:16,4
DA:27,2
LF:3
LH:3
BRDA:10,0,0,0
BRDA:11,1,0,0
BRDA:12,2,0,3
BRF:3
BRH:1
end_of_record
TN:
SF:components\BackButton.jsx
FN:7,(anonymous_0)
FN:9,(anonymous_1)
FNF:2
FNH:1
FNDA:24,(anonymous_0)
FNDA:0,(anonymous_1)
DA:7,4
DA:8,24
DA:9,0
DA:17,4
LF:4
LH:3
BRDA:7,0,0,24
BRF:1
BRH:1
end_of_record
TN:
SF:components\Button.jsx
FN:7,(anonymous_0)
FN:11,(anonymous_1)
FNF:2
FNH:1
FNDA:25,(anonymous_0)
FNDA:0,(anonymous_1)
DA:7,5
DA:17,25
DA:25,25
DA:26,0
DA:34,25
DA:43,5
LF:6
LH:5
BRDA:10,0,0,0
BRDA:11,1,0,0
BRDA:12,2,0,1
BRDA:13,3,0,22
BRDA:25,4,0,0
BRDA:25,4,1,25
BRDA:35,5,0,25
BRDA:35,5,1,22
BRF:8
BRH:5
end_of_record
TN:
SF:components\CommentItem.jsx
FN:9,(anonymous_0)
FN:12,(anonymous_1)
FN:17,(anonymous_2)
FN:21,(anonymous_3)
FN:26,(anonymous_4)
FNF:5
FNH:0
FNDA:0,(anonymous_0)
FNDA:0,(anonymous_1)
FNDA:0,(anonymous_2)
FNDA:0,(anonymous_3)
FNDA:0,(anonymous_4)
DA:9,0
DA:15,0
DA:17,0
DA:18,0
DA:21,0
DA:26,0
DA:31,0
DA:69,0
LF:8
LH:0
BRDA:11,0,0,0
BRDA:12,1,0,0
BRDA:13,2,0,0
BRDA:36,3,0,0
BRDA:36,3,1,0
BRDA:52,4,0,0
BRDA:52,4,1,0
BRF:7
BRH:0
end_of_record
TN:
SF:components\Header.jsx
FN:8,(anonymous_0)
FNF:1
FNH:1
FNDA:13,(anonymous_0)
DA:8,2
DA:9,13
DA:10,13
DA:26,2
LF:4
LH:4
BRDA:8,0,0,13
BRDA:8,1,0,13
BRDA:13,2,0,13
BRDA:13,2,1,13
BRDA:19,3,0,13
BRDA:19,3,1,0
BRF:6
BRH:5
end_of_record
TN:
SF:components\Input.jsx
FN:6,(anonymous_0)
FNF:1
FNH:1
FNDA:66,(anonymous_0)
DA:6,3
DA:7,66
DA:24,3
LF:3
LH:3
BRDA:8,0,0,66
BRDA:8,0,1,10
BRDA:10,1,0,66
BRDA:10,1,1,56
BRDA:15,2,0,66
BRDA:15,2,1,0
BRF:6
BRH:5
end_of_record
TN:
SF:components\Loading.jsx
FN:6,(anonymous_0)
FNF:1
FNH:1
FNDA:1,(anonymous_0)
DA:6,6
DA:7,1
DA:16,6
LF:3
LH:3
BRDA:6,0,0,1
BRDA:6,1,0,1
BRF:2
BRH:2
end_of_record
TN:
SF:components\NotificationItem.jsx
FN:8,(anonymous_0)
FN:13,(anonymous_1)
FNF:2
FNH:0
FNDA:0,(anonymous_0)
FNDA:0,(anonymous_1)
DA:8,0
DA:13,0
DA:14,0
DA:15,0
DA:18,0
DA:19,0
DA:49,0
LF:7
LH:0
BRF:0
BRH:0
end_of_record
TN:
SF:components\PostCard.jsx
FN:31,(anonymous_0)
FN:38,(anonymous_1)
FN:39,(anonymous_2)
FN:54,(anonymous_3)
FN:58,(anonymous_4)
FN:63,(anonymous_5)
FN:65,(anonymous_6)
FN:88,(anonymous_7)
FN:99,(anonymous_8)
FN:103,(anonymous_9)
FN:108,(anonymous_10)
FN:115,(anonymous_11)
FN:142,(anonymous_12)
FNF:13
FNH:0
FNDA:0,(anonymous_0)
FNDA:0,(anonymous_1)
FNDA:0,(anonymous_2)
FNDA:0,(anonymous_3)
FNDA:0,(anonymous_4)
FNDA:0,(anonymous_5)
FNDA:0,(anonymous_6)
FNDA:0,(anonymous_7)
FNDA:0,(anonymous_8)
FNDA:0,(anonymous_9)
FNDA:0,(anonymous_10)
FNDA:0,(anonymous_11)
FNDA:0,(anonymous_12)
DA:15,1
DA:19,1
DA:31,1
DA:41,0
DA:51,0
DA:52,0
DA:54,0
DA:55,0
DA:58,0
DA:59,0
DA:60,0
DA:63,0
DA:64,0
DA:65,0
DA:67,0
DA:68,0
DA:69,0
DA:70,0
DA:71,0
DA:74,0
DA:78,0
DA:79,0
DA:80,0
DA:81,0
DA:82,0
DA:88,0
DA:89,0
DA:90,0
DA:91,0
DA:92,0
DA:93,0
DA:94,0
DA:96,0
DA:99,0
DA:100,0
DA:103,0
DA:108,0
DA:114,0
DA:115,0
DA:116,0
DA:142,0
DA:229,1
LF:42
LH:4
BRDA:35,0,0,0
BRDA:36,1,0,0
BRDA:37,2,0,0
BRDA:38,3,0,0
BRDA:39,4,0,0
BRDA:59,5,0,0
BRDA:59,5,1,0
BRDA:64,6,0,0
BRDA:64,6,1,0
BRDA:70,7,0,0
BRDA:70,7,1,0
BRDA:81,8,0,0
BRDA:81,8,1,0
BRDA:90,9,0,0
BRDA:90,9,1,0
BRDA:115,10,0,0
BRDA:115,10,1,0
BRDA:117,11,0,0
BRDA:117,11,1,0
BRDA:132,12,0,0
BRDA:132,12,1,0
BRDA:140,13,0,0
BRDA:140,13,1,0
BRDA:140,13,2,0
BRDA:156,14,0,0
BRDA:156,14,1,0
BRDA:166,15,0,0
BRDA:166,15,1,0
BRDA:166,15,2,0
BRDA:177,16,0,0
BRDA:177,16,1,0
BRDA:177,16,2,0
BRDA:192,17,0,0
BRDA:192,17,1,0
BRDA:192,18,0,0
BRDA:192,18,1,0
BRDA:212,19,0,0
BRDA:212,19,1,0
BRF:38
BRH:0
end_of_record
TN:
SF:components\RichTextEditor.jsx
FN:6,(anonymous_0)
FN:30,(anonymous_1)
FN:31,(anonymous_2)
FNF:3
FNH:1
FNDA:3,(anonymous_0)
FNDA:0,(anonymous_1)
FNDA:0,(anonymous_2)
DA:6,1
DA:11,3
DA:30,0
DA:31,0
DA:54,1
LF:5
LH:3
BRF:0
BRH:0
end_of_record
TN:
SF:components\ScreenWrapper.jsx
FN:5,(anonymous_0)
FNF:1
FNH:0
FNDA:0,(anonymous_0)
DA:5,0
DA:7,0
DA:8,0
DA:9,0
LF:4
LH:0
BRDA:8,0,0,0
BRDA:8,0,1,0
BRF:2
BRH:0
end_of_record
TN:
SF:constants\AuthContext.js
FN:5,(anonymous_0)
FN:8,(anonymous_1)
FN:12,(anonymous_2)
FN:23,(anonymous_3)
FNF:4
FNH:0
FNDA:0,(anonymous_0)
FNDA:0,(anonymous_1)
FNDA:0,(anonymous_2)
FNDA:0,(anonymous_3)
DA:3,0
DA:5,0
DA:6,0
DA:8,0
DA:9,0
DA:12,0
DA:13,0
DA:16,0
DA:23,0
LF:9
LH:0
BRF:0
BRH:0
end_of_record
TN:
SF:constants\index.js
FNF:0
FNH:0
DA:1,5
DA:2,5
LF:2
LH:2
BRF:0
BRH:0
end_of_record
TN:
SF:constants\theme.js
FNF:0
FNH:0
DA:1,6
LF:1
LH:1
BRF:0
BRH:0
end_of_record
TN:
SF:helpers\common.js
FN:6,(anonymous_0)
FN:10,(anonymous_1)
FN:14,(anonymous_2)
FNF:3
FNH:2
FNDA:75,(anonymous_0)
FNDA:10,(anonymous_1)
FNDA:0,(anonymous_2)
DA:4,6
DA:6,6
DA:7,75
DA:10,6
DA:11,10
DA:14,6
DA:15,0
LF:7
LH:6
BRF:0
BRH:0
end_of_record
TN:
SF:lib\superbase.js
FN:21,(anonymous_0)
FNF:1
FNH:0
FNDA:0,(anonymous_0)
DA:7,4
DA:21,4
DA:22,0
DA:23,0
DA:25,0
LF:5
LH:2
BRDA:22,0,0,0
BRDA:22,0,1,0
BRF:2
BRH:0
end_of_record
TN:
SF:services\imageService.js
FN:6,(anonymous_0)
FN:14,(anonymous_1)
FN:21,(anonymous_2)
FN:30,(anonymous_3)
FN:35,(anonymous_4)
FN:63,(anonymous_5)
FNF:6
FNH:5
FNDA:16,(anonymous_0)
FNDA:8,(anonymous_1)
FNDA:2,(anonymous_2)
FNDA:3,(anonymous_3)
FNDA:0,(anonymous_4)
FNDA:2,(anonymous_5)
DA:6,4
DA:7,16
DA:8,6
DA:10,10
DA:14,4
DA:15,8
DA:16,7
DA:18,1
DA:21,4
DA:22,2
DA:23,2
DA:24,1
DA:26,1
DA:30,4
DA:31,3
DA:32,3
DA:35,4
DA:36,0
DA:37,0
DA:38,0
DA:41,0
DA:42,0
DA:50,0
DA:51,0
DA:52,0
DA:55,0
DA:58,0
DA:59,0
DA:63,4
DA:64,2
LF:30
LH:19
BRDA:7,0,0,6
BRDA:7,0,1,10
BRDA:15,1,0,7
BRDA:15,1,1,1
BRDA:35,2,0,0
BRDA:48,3,0,0
BRDA:48,3,1,0
BRDA:50,4,0,0
BRDA:50,4,1,0
BRDA:64,5,0,1
BRDA:64,5,1,1
BRF:11
BRH:6
end_of_record
TN:
SF:services\notificationService.js
FN:3,(anonymous_0)
FN:23,(anonymous_1)
FNF:2
FNH:2
FNDA:2,(anonymous_0)
FNDA:2,(anonymous_1)
DA:3,1
DA:4,2
DA:5,2
DA:11,2
DA:12,1
DA:13,1
DA:16,1
DA:18,0
DA:19,0
DA:23,1
DA:24,2
DA:25,2
DA:34,2
DA:35,1
DA:36,1
DA:39,1
DA:41,0
DA:42,0
LF:18
LH:14
BRDA:11,0,0,1
BRDA:11,0,1,1
BRDA:34,1,0,1
BRDA:34,1,1,1
BRF:4
BRH:4
end_of_record
TN:
SF:services\postService.js
FN:4,(anonymous_0)
FN:33,(anonymous_1)
FN:80,(anonymous_2)
FN:106,(anonymous_3)
FN:126,(anonymous_4)
FN:146,(anonymous_5)
FN:166,(anonymous_6)
FN:185,(anonymous_7)
FNF:8
FNH:8
FNDA:2,(anonymous_0)
FNDA:2,(anonymous_1)
FNDA:2,(anonymous_2)
FNDA:2,(anonymous_3)
FNDA:2,(anonymous_4)
FNDA:2,(anonymous_5)
FNDA:2,(anonymous_6)
FNDA:2,(anonymous_7)
DA:4,3
DA:5,2
DA:6,2
DA:7,2
DA:8,2
DA:9,2
DA:10,2
DA:12,1
DA:16,1
DA:22,1
DA:23,0
DA:24,0
DA:26,1
DA:28,0
DA:29,0
DA:33,3
DA:34,2
DA:35,2
DA:36,1
DA:48,1
DA:49,0
DA:50,0
DA:53,1
DA:56,1
DA:67,1
DA:68,1
DA:69,1
DA:72,0
DA:75,0
DA:76,0
DA:80,3
DA:81,2
DA:82,2
DA:94,2
DA:95,1
DA:96,1
DA:99,1
DA:101,0
DA:102,0
DA:106,3
DA:107,2
DA:108,2
DA:114,2
DA:115,1
DA:116,1
DA:119,1
DA:121,0
DA:122,0
DA:126,3
DA:127,2
DA:128,2
DA:134,2
DA:135,1
DA:136,1
DA:139,1
DA:141,0
DA:142,0
DA:146,3
DA:147,2
DA:148,2
DA:154,2
DA:155,1
DA:156,1
DA:159,1
DA:161,0
DA:162,0
DA:166,3
DA:167,2
DA:168,2
DA:173,2
DA:174,1
DA:175,1
DA:178,1
DA:180,0
DA:181,0
DA:185,3
DA:186,2
DA:187,2
DA:192,2
DA:193,1
DA:194,1
DA:197,1
DA:199,0
DA:200,0
LF:84
LH:63
BRDA:6,0,0,2
BRDA:6,0,1,0
BRDA:6,1,0,2
BRDA:6,1,1,2
BRDA:8,2,0,2
BRDA:8,2,1,0
BRDA:10,3,0,1
BRDA:10,3,1,1
BRDA:22,4,0,0
BRDA:22,4,1,1
BRDA:33,5,0,1
BRDA:35,6,0,1
BRDA:35,6,1,1
BRDA:48,7,0,0
BRDA:48,7,1,1
BRDA:67,8,0,1
BRDA:67,8,1,0
BRDA:94,9,0,1
BRDA:94,9,1,1
BRDA:114,10,0,1
BRDA:114,10,1,1
BRDA:134,11,0,1
BRDA:134,11,1,1
BRDA:154,12,0,1
BRDA:154,12,1,1
BRDA:173,13,0,1
BRDA:173,13,1,1
BRDA:192,14,0,1
BRDA:192,14,1,1
BRF:29
BRH:24
end_of_record
TN:
SF:services\userService.js
FN:3,(anonymous_0)
FN:21,(anonymous_1)
FNF:2
FNH:2
FNDA:2,(anonymous_0)
FNDA:2,(anonymous_1)
DA:3,3
DA:4,2
DA:5,2
DA:11,2
DA:12,1
DA:14,1
DA:16,0
DA:17,0
DA:21,3
DA:22,2
DA:23,2
DA:28,2
DA:29,1
DA:31,1
DA:33,0
DA:34,0
LF:16
LH:12
BRDA:11,0,0,1
BRDA:11,0,1,1
BRDA:28,1,0,1
BRDA:28,1,1,1
BRF:4
BRH:4
end_of_record
